The system is: Darwin - 22.1.0 - x86_64
Compiling the C compiler identification source file "CMakeCCompilerId.c" succeeded.
Compiler: /Library/Developer/CommandLineTools/usr/bin/cc 
Build flags: 
Id flags: -c 

The output was:
0


Compilation of the C compiler identification source "CMakeCCompilerId.c" produced "CMakeCCompilerId.o"

The C compiler identification is AppleClang, found in "/Users/woosubkim/Documents/workspace/foldseek/cmake-build-debug/CMakeFiles/3.23.2/CompilerIdC/CMakeCCompilerId.o"

Compiling the CXX compiler identification source file "CMakeCXXCompilerId.cpp" succeeded.
Compiler: /Library/Developer/CommandLineTools/usr/bin/c++ 
Build flags: 
Id flags: -c 

The output was:
0


Compilation of the CXX compiler identification source "CMakeCXXCompilerId.cpp" produced "CMakeCXXCompilerId.o"

The CXX compiler identification is AppleClang, found in "/Users/woosubkim/Documents/workspace/foldseek/cmake-build-debug/CMakeFiles/3.23.2/CompilerIdCXX/CMakeCXXCompilerId.o"

Detecting C compiler ABI info compiled with the following output:
Change Dir: /Users/woosubkim/Documents/workspace/foldseek/cmake-build-debug/CMakeFiles/CMakeTmp

Run Build Command(s):/usr/bin/make -f Makefile cmTC_40a20/fast && /Library/Developer/CommandLineTools/usr/bin/make  -f CMakeFiles/cmTC_40a20.dir/build.make CMakeFiles/cmTC_40a20.dir/build
Building C object CMakeFiles/cmTC_40a20.dir/CMakeCCompilerABI.c.o
/Library/Developer/CommandLineTools/usr/bin/cc   -isysroot /Library/Developer/CommandLineTools/SDKs/MacOSX13.0.sdk   -v -Wl,-v -MD -MT CMakeFiles/cmTC_40a20.dir/CMakeCCompilerABI.c.o -MF CMakeFiles/cmTC_40a20.dir/CMakeCCompilerABI.c.o.d -o CMakeFiles/cmTC_40a20.dir/CMakeCCompilerABI.c.o -c /Applications/CLion.app/Contents/bin/cmake/mac/share/cmake-3.23/Modules/CMakeCCompilerABI.c
Apple clang version 14.0.0 (clang-1400.0.29.202)
Target: x86_64-apple-darwin22.1.0
Thread model: posix
InstalledDir: /Library/Developer/CommandLineTools/usr/bin
clang: warning: -Wl,-v: 'linker' input unused [-Wunused-command-line-argument]
 "/Library/Developer/CommandLineTools/usr/bin/clang" -cc1 -triple x86_64-apple-macosx13.0.0 -Wundef-prefix=TARGET_OS_ -Wdeprecated-objc-isa-usage -Werror=deprecated-objc-isa-usage -Werror=implicit-function-declaration -emit-obj -mrelax-all --mrelax-relocations -disable-free -clear-ast-before-backend -disable-llvm-verifier -discard-value-names -main-file-name CMakeCCompilerABI.c -mrelocation-model pic -pic-level 2 -mframe-pointer=all -fno-strict-return -fno-rounding-math -funwind-tables=2 -target-sdk-version=13.0 -fvisibility-inlines-hidden-static-local-var -target-cpu penryn -tune-cpu generic -debugger-tuning=lldb -target-linker-version 820.1 -v -resource-dir /Library/Developer/CommandLineTools/usr/lib/clang/14.0.0 -dependency-file CMakeFiles/cmTC_40a20.dir/CMakeCCompilerABI.c.o.d -skip-unused-modulemap-deps -MT CMakeFiles/cmTC_40a20.dir/CMakeCCompilerABI.c.o -sys-header-deps -isysroot /Library/Developer/CommandLineTools/SDKs/MacOSX13.0.sdk -internal-isystem /Library/Developer/CommandLineTools/SDKs/MacOSX13.0.sdk/usr/local/include -internal-isystem /Library/Developer/CommandLineTools/usr/lib/clang/14.0.0/include -internal-externc-isystem /Library/Developer/CommandLineTools/SDKs/MacOSX13.0.sdk/usr/include -internal-externc-isystem /Library/Developer/CommandLineTools/usr/include -Wno-reorder-init-list -Wno-implicit-int-float-conversion -Wno-c99-designator -Wno-final-dtor-non-final-class -Wno-extra-semi-stmt -Wno-misleading-indentation -Wno-quoted-include-in-framework-header -Wno-implicit-fallthrough -Wno-enum-enum-conversion -Wno-enum-float-conversion -Wno-elaborated-enum-base -Wno-reserved-identifier -Wno-gnu-folding-constant -Wno-cast-function-type -Wno-bitwise-instead-of-logical -fdebug-compilation-dir=/Users/woosubkim/Documents/workspace/foldseek/cmake-build-debug/CMakeFiles/CMakeTmp -ferror-limit 19 -stack-protector 1 -fstack-check -mdarwin-stkchk-strong-link -fblocks -fencode-extended-block-signature -fregister-global-dtors-with-atexit -fgnuc-version=4.2.1 -fmax-type-align=16 -fcommon -clang-vendor-feature=+messageToSelfInClassMethodIdReturnType -clang-vendor-feature=+disableInferNewAvailabilityFromInit -clang-vendor-feature=+disableNonDependentMemberExprInCurrentInstantiation -fno-odr-hash-protocols -clang-vendor-feature=+enableAggressiveVLAFolding -clang-vendor-feature=+revert09abecef7bbf -clang-vendor-feature=+thisNoAlignAttr -clang-vendor-feature=+thisNoNullAttr -mllvm -disable-aligned-alloc-awareness=1 -D__GCC_HAVE_DWARF2_CFI_ASM=1 -o CMakeFiles/cmTC_40a20.dir/CMakeCCompilerABI.c.o -x c /Applications/CLion.app/Contents/bin/cmake/mac/share/cmake-3.23/Modules/CMakeCCompilerABI.c
clang -cc1 version 14.0.0 (clang-1400.0.29.202) default target x86_64-apple-darwin22.1.0
ignoring nonexistent directory "/Library/Developer/CommandLineTools/SDKs/MacOSX13.0.sdk/usr/local/include"
ignoring nonexistent directory "/Library/Developer/CommandLineTools/SDKs/MacOSX13.0.sdk/Library/Frameworks"
#include "..." search starts here:
#include <...> search starts here:
 /Library/Developer/CommandLineTools/usr/lib/clang/14.0.0/include
 /Library/Developer/CommandLineTools/SDKs/MacOSX13.0.sdk/usr/include
 /Library/Developer/CommandLineTools/usr/include
 /Library/Developer/CommandLineTools/SDKs/MacOSX13.0.sdk/System/Library/Frameworks (framework directory)
End of search list.
Linking C executable cmTC_40a20
/Applications/CLion.app/Contents/bin/cmake/mac/bin/cmake -E cmake_link_script CMakeFiles/cmTC_40a20.dir/link.txt --verbose=1
/Library/Developer/CommandLineTools/usr/bin/cc  -isysroot /Library/Developer/CommandLineTools/SDKs/MacOSX13.0.sdk -Wl,-search_paths_first -Wl,-headerpad_max_install_names  -v -Wl,-v CMakeFiles/cmTC_40a20.dir/CMakeCCompilerABI.c.o -o cmTC_40a20 
Apple clang version 14.0.0 (clang-1400.0.29.202)
Target: x86_64-apple-darwin22.1.0
Thread model: posix
InstalledDir: /Library/Developer/CommandLineTools/usr/bin
 "/Library/Developer/CommandLineTools/usr/bin/ld" -demangle -lto_library /Library/Developer/CommandLineTools/usr/lib/libLTO.dylib -dynamic -arch x86_64 -platform_version macos 13.0.0 13.0 -syslibroot /Library/Developer/CommandLineTools/SDKs/MacOSX13.0.sdk -o cmTC_40a20 -search_paths_first -headerpad_max_install_names -v CMakeFiles/cmTC_40a20.dir/CMakeCCompilerABI.c.o -lSystem /Library/Developer/CommandLineTools/usr/lib/clang/14.0.0/lib/darwin/libclang_rt.osx.a
@(#)PROGRAM:ld  PROJECT:ld64-820.1
BUILD 18:42:34 Sep 11 2022
configured to support archs: armv6 armv7 armv7s arm64 arm64e arm64_32 i386 x86_64 x86_64h armv6m armv7k armv7m armv7em
Library search paths:
	/Library/Developer/CommandLineTools/SDKs/MacOSX13.0.sdk/usr/lib
Framework search paths:
	/Library/Developer/CommandLineTools/SDKs/MacOSX13.0.sdk/System/Library/Frameworks/



Parsed C implicit include dir info from above output: rv=done
  found start of include info
  found start of implicit include info
    add: [/Library/Developer/CommandLineTools/usr/lib/clang/14.0.0/include]
    add: [/Library/Developer/CommandLineTools/SDKs/MacOSX13.0.sdk/usr/include]
    add: [/Library/Developer/CommandLineTools/usr/include]
  end of search list found
  collapse include dir [/Library/Developer/CommandLineTools/usr/lib/clang/14.0.0/include] ==> [/Library/Developer/CommandLineTools/usr/lib/clang/14.0.0/include]
  collapse include dir [/Library/Developer/CommandLineTools/SDKs/MacOSX13.0.sdk/usr/include] ==> [/Library/Developer/CommandLineTools/SDKs/MacOSX13.0.sdk/usr/include]
  collapse include dir [/Library/Developer/CommandLineTools/usr/include] ==> [/Library/Developer/CommandLineTools/usr/include]
  implicit include dirs: [/Library/Developer/CommandLineTools/usr/lib/clang/14.0.0/include;/Library/Developer/CommandLineTools/SDKs/MacOSX13.0.sdk/usr/include;/Library/Developer/CommandLineTools/usr/include]


Parsed C implicit link information from above output:
  link line regex: [^( *|.*[/\])(ld|CMAKE_LINK_STARTFILE-NOTFOUND|([^/\]+-)?ld|collect2)[^/\]*( |$)]
  ignore line: [Change Dir: /Users/woosubkim/Documents/workspace/foldseek/cmake-build-debug/CMakeFiles/CMakeTmp]
  ignore line: []
  ignore line: [Run Build Command(s):/usr/bin/make -f Makefile cmTC_40a20/fast && /Library/Developer/CommandLineTools/usr/bin/make  -f CMakeFiles/cmTC_40a20.dir/build.make CMakeFiles/cmTC_40a20.dir/build]
  ignore line: [Building C object CMakeFiles/cmTC_40a20.dir/CMakeCCompilerABI.c.o]
  ignore line: [/Library/Developer/CommandLineTools/usr/bin/cc   -isysroot /Library/Developer/CommandLineTools/SDKs/MacOSX13.0.sdk   -v -Wl -v -MD -MT CMakeFiles/cmTC_40a20.dir/CMakeCCompilerABI.c.o -MF CMakeFiles/cmTC_40a20.dir/CMakeCCompilerABI.c.o.d -o CMakeFiles/cmTC_40a20.dir/CMakeCCompilerABI.c.o -c /Applications/CLion.app/Contents/bin/cmake/mac/share/cmake-3.23/Modules/CMakeCCompilerABI.c]
  ignore line: [Apple clang version 14.0.0 (clang-1400.0.29.202)]
  ignore line: [Target: x86_64-apple-darwin22.1.0]
  ignore line: [Thread model: posix]
  ignore line: [InstalledDir: /Library/Developer/CommandLineTools/usr/bin]
  ignore line: [clang: warning: -Wl -v: 'linker' input unused [-Wunused-command-line-argument]]
  ignore line: [ "/Library/Developer/CommandLineTools/usr/bin/clang" -cc1 -triple x86_64-apple-macosx13.0.0 -Wundef-prefix=TARGET_OS_ -Wdeprecated-objc-isa-usage -Werror=deprecated-objc-isa-usage -Werror=implicit-function-declaration -emit-obj -mrelax-all --mrelax-relocations -disable-free -clear-ast-before-backend -disable-llvm-verifier -discard-value-names -main-file-name CMakeCCompilerABI.c -mrelocation-model pic -pic-level 2 -mframe-pointer=all -fno-strict-return -fno-rounding-math -funwind-tables=2 -target-sdk-version=13.0 -fvisibility-inlines-hidden-static-local-var -target-cpu penryn -tune-cpu generic -debugger-tuning=lldb -target-linker-version 820.1 -v -resource-dir /Library/Developer/CommandLineTools/usr/lib/clang/14.0.0 -dependency-file CMakeFiles/cmTC_40a20.dir/CMakeCCompilerABI.c.o.d -skip-unused-modulemap-deps -MT CMakeFiles/cmTC_40a20.dir/CMakeCCompilerABI.c.o -sys-header-deps -isysroot /Library/Developer/CommandLineTools/SDKs/MacOSX13.0.sdk -internal-isystem /Library/Developer/CommandLineTools/SDKs/MacOSX13.0.sdk/usr/local/include -internal-isystem /Library/Developer/CommandLineTools/usr/lib/clang/14.0.0/include -internal-externc-isystem /Library/Developer/CommandLineTools/SDKs/MacOSX13.0.sdk/usr/include -internal-externc-isystem /Library/Developer/CommandLineTools/usr/include -Wno-reorder-init-list -Wno-implicit-int-float-conversion -Wno-c99-designator -Wno-final-dtor-non-final-class -Wno-extra-semi-stmt -Wno-misleading-indentation -Wno-quoted-include-in-framework-header -Wno-implicit-fallthrough -Wno-enum-enum-conversion -Wno-enum-float-conversion -Wno-elaborated-enum-base -Wno-reserved-identifier -Wno-gnu-folding-constant -Wno-cast-function-type -Wno-bitwise-instead-of-logical -fdebug-compilation-dir=/Users/woosubkim/Documents/workspace/foldseek/cmake-build-debug/CMakeFiles/CMakeTmp -ferror-limit 19 -stack-protector 1 -fstack-check -mdarwin-stkchk-strong-link -fblocks -fencode-extended-block-signature -fregister-global-dtors-with-atexit -fgnuc-version=4.2.1 -fmax-type-align=16 -fcommon -clang-vendor-feature=+messageToSelfInClassMethodIdReturnType -clang-vendor-feature=+disableInferNewAvailabilityFromInit -clang-vendor-feature=+disableNonDependentMemberExprInCurrentInstantiation -fno-odr-hash-protocols -clang-vendor-feature=+enableAggressiveVLAFolding -clang-vendor-feature=+revert09abecef7bbf -clang-vendor-feature=+thisNoAlignAttr -clang-vendor-feature=+thisNoNullAttr -mllvm -disable-aligned-alloc-awareness=1 -D__GCC_HAVE_DWARF2_CFI_ASM=1 -o CMakeFiles/cmTC_40a20.dir/CMakeCCompilerABI.c.o -x c /Applications/CLion.app/Contents/bin/cmake/mac/share/cmake-3.23/Modules/CMakeCCompilerABI.c]
  ignore line: [clang -cc1 version 14.0.0 (clang-1400.0.29.202) default target x86_64-apple-darwin22.1.0]
  ignore line: [ignoring nonexistent directory "/Library/Developer/CommandLineTools/SDKs/MacOSX13.0.sdk/usr/local/include"]
  ignore line: [ignoring nonexistent directory "/Library/Developer/CommandLineTools/SDKs/MacOSX13.0.sdk/Library/Frameworks"]
  ignore line: [#include "..." search starts here:]
  ignore line: [#include <...> search starts here:]
  ignore line: [ /Library/Developer/CommandLineTools/usr/lib/clang/14.0.0/include]
  ignore line: [ /Library/Developer/CommandLineTools/SDKs/MacOSX13.0.sdk/usr/include]
  ignore line: [ /Library/Developer/CommandLineTools/usr/include]
  ignore line: [ /Library/Developer/CommandLineTools/SDKs/MacOSX13.0.sdk/System/Library/Frameworks (framework directory)]
  ignore line: [End of search list.]
  ignore line: [Linking C executable cmTC_40a20]
  ignore line: [/Applications/CLion.app/Contents/bin/cmake/mac/bin/cmake -E cmake_link_script CMakeFiles/cmTC_40a20.dir/link.txt --verbose=1]
  ignore line: [/Library/Developer/CommandLineTools/usr/bin/cc  -isysroot /Library/Developer/CommandLineTools/SDKs/MacOSX13.0.sdk -Wl -search_paths_first -Wl -headerpad_max_install_names  -v -Wl -v CMakeFiles/cmTC_40a20.dir/CMakeCCompilerABI.c.o -o cmTC_40a20 ]
  ignore line: [Apple clang version 14.0.0 (clang-1400.0.29.202)]
  ignore line: [Target: x86_64-apple-darwin22.1.0]
  ignore line: [Thread model: posix]
  ignore line: [InstalledDir: /Library/Developer/CommandLineTools/usr/bin]
  link line: [ "/Library/Developer/CommandLineTools/usr/bin/ld" -demangle -lto_library /Library/Developer/CommandLineTools/usr/lib/libLTO.dylib -dynamic -arch x86_64 -platform_version macos 13.0.0 13.0 -syslibroot /Library/Developer/CommandLineTools/SDKs/MacOSX13.0.sdk -o cmTC_40a20 -search_paths_first -headerpad_max_install_names -v CMakeFiles/cmTC_40a20.dir/CMakeCCompilerABI.c.o -lSystem /Library/Developer/CommandLineTools/usr/lib/clang/14.0.0/lib/darwin/libclang_rt.osx.a]
    arg [/Library/Developer/CommandLineTools/usr/bin/ld] ==> ignore
    arg [-demangle] ==> ignore
    arg [-lto_library] ==> ignore, skip following value
    arg [/Library/Developer/CommandLineTools/usr/lib/libLTO.dylib] ==> skip value of -lto_library
    arg [-dynamic] ==> ignore
    arg [-arch] ==> ignore
    arg [x86_64] ==> ignore
    arg [-platform_version] ==> ignore
    arg [macos] ==> ignore
    arg [13.0.0] ==> ignore
    arg [13.0] ==> ignore
    arg [-syslibroot] ==> ignore
    arg [/Library/Developer/CommandLineTools/SDKs/MacOSX13.0.sdk] ==> ignore
    arg [-o] ==> ignore
    arg [cmTC_40a20] ==> ignore
    arg [-search_paths_first] ==> ignore
    arg [-headerpad_max_install_names] ==> ignore
    arg [-v] ==> ignore
    arg [CMakeFiles/cmTC_40a20.dir/CMakeCCompilerABI.c.o] ==> ignore
    arg [-lSystem] ==> lib [System]
    arg [/Library/Developer/CommandLineTools/usr/lib/clang/14.0.0/lib/darwin/libclang_rt.osx.a] ==> lib [/Library/Developer/CommandLineTools/usr/lib/clang/14.0.0/lib/darwin/libclang_rt.osx.a]
  Library search paths: [;/Library/Developer/CommandLineTools/SDKs/MacOSX13.0.sdk/usr/lib]
  Framework search paths: [;/Library/Developer/CommandLineTools/SDKs/MacOSX13.0.sdk/System/Library/Frameworks/]
  remove lib [System]
  remove lib [/Library/Developer/CommandLineTools/usr/lib/clang/14.0.0/lib/darwin/libclang_rt.osx.a]
  collapse library dir [/Library/Developer/CommandLineTools/SDKs/MacOSX13.0.sdk/usr/lib] ==> [/Library/Developer/CommandLineTools/SDKs/MacOSX13.0.sdk/usr/lib]
  collapse framework dir [/Library/Developer/CommandLineTools/SDKs/MacOSX13.0.sdk/System/Library/Frameworks/] ==> [/Library/Developer/CommandLineTools/SDKs/MacOSX13.0.sdk/System/Library/Frameworks]
  implicit libs: []
  implicit objs: []
  implicit dirs: [/Library/Developer/CommandLineTools/SDKs/MacOSX13.0.sdk/usr/lib]
  implicit fwks: [/Library/Developer/CommandLineTools/SDKs/MacOSX13.0.sdk/System/Library/Frameworks]


Detecting CXX compiler ABI info compiled with the following output:
Change Dir: /Users/woosubkim/Documents/workspace/foldseek/cmake-build-debug/CMakeFiles/CMakeTmp

Run Build Command(s):/usr/bin/make -f Makefile cmTC_7eda4/fast && /Library/Developer/CommandLineTools/usr/bin/make  -f CMakeFiles/cmTC_7eda4.dir/build.make CMakeFiles/cmTC_7eda4.dir/build
Building CXX object CMakeFiles/cmTC_7eda4.dir/CMakeCXXCompilerABI.cpp.o
/Library/Developer/CommandLineTools/usr/bin/c++   -isysroot /Library/Developer/CommandLineTools/SDKs/MacOSX13.0.sdk   -v -Wl,-v -MD -MT CMakeFiles/cmTC_7eda4.dir/CMakeCXXCompilerABI.cpp.o -MF CMakeFiles/cmTC_7eda4.dir/CMakeCXXCompilerABI.cpp.o.d -o CMakeFiles/cmTC_7eda4.dir/CMakeCXXCompilerABI.cpp.o -c /Applications/CLion.app/Contents/bin/cmake/mac/share/cmake-3.23/Modules/CMakeCXXCompilerABI.cpp
Apple clang version 14.0.0 (clang-1400.0.29.202)
Target: x86_64-apple-darwin22.1.0
Thread model: posix
InstalledDir: /Library/Developer/CommandLineTools/usr/bin
clang: warning: -Wl,-v: 'linker' input unused [-Wunused-command-line-argument]
 "/Library/Developer/CommandLineTools/usr/bin/clang" -cc1 -triple x86_64-apple-macosx13.0.0 -Wundef-prefix=TARGET_OS_ -Wdeprecated-objc-isa-usage -Werror=deprecated-objc-isa-usage -Werror=implicit-function-declaration -emit-obj -mrelax-all --mrelax-relocations -disable-free -clear-ast-before-backend -disable-llvm-verifier -discard-value-names -main-file-name CMakeCXXCompilerABI.cpp -mrelocation-model pic -pic-level 2 -mframe-pointer=all -fno-strict-return -fno-rounding-math -funwind-tables=2 -target-sdk-version=13.0 -fvisibility-inlines-hidden-static-local-var -target-cpu penryn -tune-cpu generic -debugger-tuning=lldb -target-linker-version 820.1 -v -resource-dir /Library/Developer/CommandLineTools/usr/lib/clang/14.0.0 -dependency-file CMakeFiles/cmTC_7eda4.dir/CMakeCXXCompilerABI.cpp.o.d -skip-unused-modulemap-deps -MT CMakeFiles/cmTC_7eda4.dir/CMakeCXXCompilerABI.cpp.o -sys-header-deps -isysroot /Library/Developer/CommandLineTools/SDKs/MacOSX13.0.sdk -stdlib=libc++ -internal-isystem /Library/Developer/CommandLineTools/SDKs/MacOSX13.0.sdk/usr/include/c++/v1 -internal-isystem /Library/Developer/CommandLineTools/SDKs/MacOSX13.0.sdk/usr/local/include -internal-isystem /Library/Developer/CommandLineTools/usr/lib/clang/14.0.0/include -internal-externc-isystem /Library/Developer/CommandLineTools/SDKs/MacOSX13.0.sdk/usr/include -internal-externc-isystem /Library/Developer/CommandLineTools/usr/include -Wno-reorder-init-list -Wno-implicit-int-float-conversion -Wno-c99-designator -Wno-final-dtor-non-final-class -Wno-extra-semi-stmt -Wno-misleading-indentation -Wno-quoted-include-in-framework-header -Wno-implicit-fallthrough -Wno-enum-enum-conversion -Wno-enum-float-conversion -Wno-elaborated-enum-base -Wno-reserved-identifier -Wno-gnu-folding-constant -Wno-cast-function-type -Wno-bitwise-instead-of-logical -fdeprecated-macro -fdebug-compilation-dir=/Users/woosubkim/Documents/workspace/foldseek/cmake-build-debug/CMakeFiles/CMakeTmp -ferror-limit 19 -stack-protector 1 -fstack-check -mdarwin-stkchk-strong-link -fblocks -fencode-extended-block-signature -fregister-global-dtors-with-atexit -fgnuc-version=4.2.1 -fno-cxx-modules -fcxx-exceptions -fexceptions -fmax-type-align=16 -fcommon -clang-vendor-feature=+messageToSelfInClassMethodIdReturnType -clang-vendor-feature=+disableInferNewAvailabilityFromInit -clang-vendor-feature=+disableNonDependentMemberExprInCurrentInstantiation -fno-odr-hash-protocols -clang-vendor-feature=+enableAggressiveVLAFolding -clang-vendor-feature=+revert09abecef7bbf -clang-vendor-feature=+thisNoAlignAttr -clang-vendor-feature=+thisNoNullAttr -mllvm -disable-aligned-alloc-awareness=1 -D__GCC_HAVE_DWARF2_CFI_ASM=1 -o CMakeFiles/cmTC_7eda4.dir/CMakeCXXCompilerABI.cpp.o -x c++ /Applications/CLion.app/Contents/bin/cmake/mac/share/cmake-3.23/Modules/CMakeCXXCompilerABI.cpp
clang -cc1 version 14.0.0 (clang-1400.0.29.202) default target x86_64-apple-darwin22.1.0
ignoring nonexistent directory "/Library/Developer/CommandLineTools/SDKs/MacOSX13.0.sdk/usr/local/include"
ignoring nonexistent directory "/Library/Developer/CommandLineTools/SDKs/MacOSX13.0.sdk/Library/Frameworks"
#include "..." search starts here:
#include <...> search starts here:
 /Library/Developer/CommandLineTools/SDKs/MacOSX13.0.sdk/usr/include/c++/v1
 /Library/Developer/CommandLineTools/usr/lib/clang/14.0.0/include
 /Library/Developer/CommandLineTools/SDKs/MacOSX13.0.sdk/usr/include
 /Library/Developer/CommandLineTools/usr/include
 /Library/Developer/CommandLineTools/SDKs/MacOSX13.0.sdk/System/Library/Frameworks (framework directory)
End of search list.
Linking CXX executable cmTC_7eda4
/Applications/CLion.app/Contents/bin/cmake/mac/bin/cmake -E cmake_link_script CMakeFiles/cmTC_7eda4.dir/link.txt --verbose=1
/Library/Developer/CommandLineTools/usr/bin/c++  -isysroot /Library/Developer/CommandLineTools/SDKs/MacOSX13.0.sdk -Wl,-search_paths_first -Wl,-headerpad_max_install_names  -v -Wl,-v CMakeFiles/cmTC_7eda4.dir/CMakeCXXCompilerABI.cpp.o -o cmTC_7eda4 
Apple clang version 14.0.0 (clang-1400.0.29.202)
Target: x86_64-apple-darwin22.1.0
Thread model: posix
InstalledDir: /Library/Developer/CommandLineTools/usr/bin
 "/Library/Developer/CommandLineTools/usr/bin/ld" -demangle -lto_library /Library/Developer/CommandLineTools/usr/lib/libLTO.dylib -dynamic -arch x86_64 -platform_version macos 13.0.0 13.0 -syslibroot /Library/Developer/CommandLineTools/SDKs/MacOSX13.0.sdk -o cmTC_7eda4 -search_paths_first -headerpad_max_install_names -v CMakeFiles/cmTC_7eda4.dir/CMakeCXXCompilerABI.cpp.o -lc++ -lSystem /Library/Developer/CommandLineTools/usr/lib/clang/14.0.0/lib/darwin/libclang_rt.osx.a
@(#)PROGRAM:ld  PROJECT:ld64-820.1
BUILD 18:42:34 Sep 11 2022
configured to support archs: armv6 armv7 armv7s arm64 arm64e arm64_32 i386 x86_64 x86_64h armv6m armv7k armv7m armv7em
Library search paths:
	/Library/Developer/CommandLineTools/SDKs/MacOSX13.0.sdk/usr/lib
Framework search paths:
	/Library/Developer/CommandLineTools/SDKs/MacOSX13.0.sdk/System/Library/Frameworks/



Parsed CXX implicit include dir info from above output: rv=done
  found start of include info
  found start of implicit include info
    add: [/Library/Developer/CommandLineTools/SDKs/MacOSX13.0.sdk/usr/include/c++/v1]
    add: [/Library/Developer/CommandLineTools/usr/lib/clang/14.0.0/include]
    add: [/Library/Developer/CommandLineTools/SDKs/MacOSX13.0.sdk/usr/include]
    add: [/Library/Developer/CommandLineTools/usr/include]
  end of search list found
  collapse include dir [/Library/Developer/CommandLineTools/SDKs/MacOSX13.0.sdk/usr/include/c++/v1] ==> [/Library/Developer/CommandLineTools/SDKs/MacOSX13.0.sdk/usr/include/c++/v1]
  collapse include dir [/Library/Developer/CommandLineTools/usr/lib/clang/14.0.0/include] ==> [/Library/Developer/CommandLineTools/usr/lib/clang/14.0.0/include]
  collapse include dir [/Library/Developer/CommandLineTools/SDKs/MacOSX13.0.sdk/usr/include] ==> [/Library/Developer/CommandLineTools/SDKs/MacOSX13.0.sdk/usr/include]
  collapse include dir [/Library/Developer/CommandLineTools/usr/include] ==> [/Library/Developer/CommandLineTools/usr/include]
  implicit include dirs: [/Library/Developer/CommandLineTools/SDKs/MacOSX13.0.sdk/usr/include/c++/v1;/Library/Developer/CommandLineTools/usr/lib/clang/14.0.0/include;/Library/Developer/CommandLineTools/SDKs/MacOSX13.0.sdk/usr/include;/Library/Developer/CommandLineTools/usr/include]


Parsed CXX implicit link information from above output:
  link line regex: [^( *|.*[/\])(ld|CMAKE_LINK_STARTFILE-NOTFOUND|([^/\]+-)?ld|collect2)[^/\]*( |$)]
  ignore line: [Change Dir: /Users/woosubkim/Documents/workspace/foldseek/cmake-build-debug/CMakeFiles/CMakeTmp]
  ignore line: []
  ignore line: [Run Build Command(s):/usr/bin/make -f Makefile cmTC_7eda4/fast && /Library/Developer/CommandLineTools/usr/bin/make  -f CMakeFiles/cmTC_7eda4.dir/build.make CMakeFiles/cmTC_7eda4.dir/build]
  ignore line: [Building CXX object CMakeFiles/cmTC_7eda4.dir/CMakeCXXCompilerABI.cpp.o]
  ignore line: [/Library/Developer/CommandLineTools/usr/bin/c++   -isysroot /Library/Developer/CommandLineTools/SDKs/MacOSX13.0.sdk   -v -Wl -v -MD -MT CMakeFiles/cmTC_7eda4.dir/CMakeCXXCompilerABI.cpp.o -MF CMakeFiles/cmTC_7eda4.dir/CMakeCXXCompilerABI.cpp.o.d -o CMakeFiles/cmTC_7eda4.dir/CMakeCXXCompilerABI.cpp.o -c /Applications/CLion.app/Contents/bin/cmake/mac/share/cmake-3.23/Modules/CMakeCXXCompilerABI.cpp]
  ignore line: [Apple clang version 14.0.0 (clang-1400.0.29.202)]
  ignore line: [Target: x86_64-apple-darwin22.1.0]
  ignore line: [Thread model: posix]
  ignore line: [InstalledDir: /Library/Developer/CommandLineTools/usr/bin]
  ignore line: [clang: warning: -Wl -v: 'linker' input unused [-Wunused-command-line-argument]]
  ignore line: [ "/Library/Developer/CommandLineTools/usr/bin/clang" -cc1 -triple x86_64-apple-macosx13.0.0 -Wundef-prefix=TARGET_OS_ -Wdeprecated-objc-isa-usage -Werror=deprecated-objc-isa-usage -Werror=implicit-function-declaration -emit-obj -mrelax-all --mrelax-relocations -disable-free -clear-ast-before-backend -disable-llvm-verifier -discard-value-names -main-file-name CMakeCXXCompilerABI.cpp -mrelocation-model pic -pic-level 2 -mframe-pointer=all -fno-strict-return -fno-rounding-math -funwind-tables=2 -target-sdk-version=13.0 -fvisibility-inlines-hidden-static-local-var -target-cpu penryn -tune-cpu generic -debugger-tuning=lldb -target-linker-version 820.1 -v -resource-dir /Library/Developer/CommandLineTools/usr/lib/clang/14.0.0 -dependency-file CMakeFiles/cmTC_7eda4.dir/CMakeCXXCompilerABI.cpp.o.d -skip-unused-modulemap-deps -MT CMakeFiles/cmTC_7eda4.dir/CMakeCXXCompilerABI.cpp.o -sys-header-deps -isysroot /Library/Developer/CommandLineTools/SDKs/MacOSX13.0.sdk -stdlib=libc++ -internal-isystem /Library/Developer/CommandLineTools/SDKs/MacOSX13.0.sdk/usr/include/c++/v1 -internal-isystem /Library/Developer/CommandLineTools/SDKs/MacOSX13.0.sdk/usr/local/include -internal-isystem /Library/Developer/CommandLineTools/usr/lib/clang/14.0.0/include -internal-externc-isystem /Library/Developer/CommandLineTools/SDKs/MacOSX13.0.sdk/usr/include -internal-externc-isystem /Library/Developer/CommandLineTools/usr/include -Wno-reorder-init-list -Wno-implicit-int-float-conversion -Wno-c99-designator -Wno-final-dtor-non-final-class -Wno-extra-semi-stmt -Wno-misleading-indentation -Wno-quoted-include-in-framework-header -Wno-implicit-fallthrough -Wno-enum-enum-conversion -Wno-enum-float-conversion -Wno-elaborated-enum-base -Wno-reserved-identifier -Wno-gnu-folding-constant -Wno-cast-function-type -Wno-bitwise-instead-of-logical -fdeprecated-macro -fdebug-compilation-dir=/Users/woosubkim/Documents/workspace/foldseek/cmake-build-debug/CMakeFiles/CMakeTmp -ferror-limit 19 -stack-protector 1 -fstack-check -mdarwin-stkchk-strong-link -fblocks -fencode-extended-block-signature -fregister-global-dtors-with-atexit -fgnuc-version=4.2.1 -fno-cxx-modules -fcxx-exceptions -fexceptions -fmax-type-align=16 -fcommon -clang-vendor-feature=+messageToSelfInClassMethodIdReturnType -clang-vendor-feature=+disableInferNewAvailabilityFromInit -clang-vendor-feature=+disableNonDependentMemberExprInCurrentInstantiation -fno-odr-hash-protocols -clang-vendor-feature=+enableAggressiveVLAFolding -clang-vendor-feature=+revert09abecef7bbf -clang-vendor-feature=+thisNoAlignAttr -clang-vendor-feature=+thisNoNullAttr -mllvm -disable-aligned-alloc-awareness=1 -D__GCC_HAVE_DWARF2_CFI_ASM=1 -o CMakeFiles/cmTC_7eda4.dir/CMakeCXXCompilerABI.cpp.o -x c++ /Applications/CLion.app/Contents/bin/cmake/mac/share/cmake-3.23/Modules/CMakeCXXCompilerABI.cpp]
  ignore line: [clang -cc1 version 14.0.0 (clang-1400.0.29.202) default target x86_64-apple-darwin22.1.0]
  ignore line: [ignoring nonexistent directory "/Library/Developer/CommandLineTools/SDKs/MacOSX13.0.sdk/usr/local/include"]
  ignore line: [ignoring nonexistent directory "/Library/Developer/CommandLineTools/SDKs/MacOSX13.0.sdk/Library/Frameworks"]
  ignore line: [#include "..." search starts here:]
  ignore line: [#include <...> search starts here:]
  ignore line: [ /Library/Developer/CommandLineTools/SDKs/MacOSX13.0.sdk/usr/include/c++/v1]
  ignore line: [ /Library/Developer/CommandLineTools/usr/lib/clang/14.0.0/include]
  ignore line: [ /Library/Developer/CommandLineTools/SDKs/MacOSX13.0.sdk/usr/include]
  ignore line: [ /Library/Developer/CommandLineTools/usr/include]
  ignore line: [ /Library/Developer/CommandLineTools/SDKs/MacOSX13.0.sdk/System/Library/Frameworks (framework directory)]
  ignore line: [End of search list.]
  ignore line: [Linking CXX executable cmTC_7eda4]
  ignore line: [/Applications/CLion.app/Contents/bin/cmake/mac/bin/cmake -E cmake_link_script CMakeFiles/cmTC_7eda4.dir/link.txt --verbose=1]
  ignore line: [/Library/Developer/CommandLineTools/usr/bin/c++  -isysroot /Library/Developer/CommandLineTools/SDKs/MacOSX13.0.sdk -Wl -search_paths_first -Wl -headerpad_max_install_names  -v -Wl -v CMakeFiles/cmTC_7eda4.dir/CMakeCXXCompilerABI.cpp.o -o cmTC_7eda4 ]
  ignore line: [Apple clang version 14.0.0 (clang-1400.0.29.202)]
  ignore line: [Target: x86_64-apple-darwin22.1.0]
  ignore line: [Thread model: posix]
  ignore line: [InstalledDir: /Library/Developer/CommandLineTools/usr/bin]
  link line: [ "/Library/Developer/CommandLineTools/usr/bin/ld" -demangle -lto_library /Library/Developer/CommandLineTools/usr/lib/libLTO.dylib -dynamic -arch x86_64 -platform_version macos 13.0.0 13.0 -syslibroot /Library/Developer/CommandLineTools/SDKs/MacOSX13.0.sdk -o cmTC_7eda4 -search_paths_first -headerpad_max_install_names -v CMakeFiles/cmTC_7eda4.dir/CMakeCXXCompilerABI.cpp.o -lc++ -lSystem /Library/Developer/CommandLineTools/usr/lib/clang/14.0.0/lib/darwin/libclang_rt.osx.a]
    arg [/Library/Developer/CommandLineTools/usr/bin/ld] ==> ignore
    arg [-demangle] ==> ignore
    arg [-lto_library] ==> ignore, skip following value
    arg [/Library/Developer/CommandLineTools/usr/lib/libLTO.dylib] ==> skip value of -lto_library
    arg [-dynamic] ==> ignore
    arg [-arch] ==> ignore
    arg [x86_64] ==> ignore
    arg [-platform_version] ==> ignore
    arg [macos] ==> ignore
    arg [13.0.0] ==> ignore
    arg [13.0] ==> ignore
    arg [-syslibroot] ==> ignore
    arg [/Library/Developer/CommandLineTools/SDKs/MacOSX13.0.sdk] ==> ignore
    arg [-o] ==> ignore
    arg [cmTC_7eda4] ==> ignore
    arg [-search_paths_first] ==> ignore
    arg [-headerpad_max_install_names] ==> ignore
    arg [-v] ==> ignore
    arg [CMakeFiles/cmTC_7eda4.dir/CMakeCXXCompilerABI.cpp.o] ==> ignore
    arg [-lc++] ==> lib [c++]
    arg [-lSystem] ==> lib [System]
    arg [/Library/Developer/CommandLineTools/usr/lib/clang/14.0.0/lib/darwin/libclang_rt.osx.a] ==> lib [/Library/Developer/CommandLineTools/usr/lib/clang/14.0.0/lib/darwin/libclang_rt.osx.a]
  Library search paths: [;/Library/Developer/CommandLineTools/SDKs/MacOSX13.0.sdk/usr/lib]
  Framework search paths: [;/Library/Developer/CommandLineTools/SDKs/MacOSX13.0.sdk/System/Library/Frameworks/]
  remove lib [System]
  remove lib [/Library/Developer/CommandLineTools/usr/lib/clang/14.0.0/lib/darwin/libclang_rt.osx.a]
  collapse library dir [/Library/Developer/CommandLineTools/SDKs/MacOSX13.0.sdk/usr/lib] ==> [/Library/Developer/CommandLineTools/SDKs/MacOSX13.0.sdk/usr/lib]
  collapse framework dir [/Library/Developer/CommandLineTools/SDKs/MacOSX13.0.sdk/System/Library/Frameworks/] ==> [/Library/Developer/CommandLineTools/SDKs/MacOSX13.0.sdk/System/Library/Frameworks]
  implicit libs: [c++]
  implicit objs: []
  implicit dirs: [/Library/Developer/CommandLineTools/SDKs/MacOSX13.0.sdk/usr/lib]
  implicit fwks: [/Library/Developer/CommandLineTools/SDKs/MacOSX13.0.sdk/System/Library/Frameworks]


Performing C++ SOURCE FILE Test HAVE_AVX2_EXTENSIONS succeeded with the following compile output:
Change Dir: /Users/woosubkim/Documents/workspace/foldseek/cmake-build-debug/CMakeFiles/CMakeTmp

Run Build Command(s):/usr/bin/make -f Makefile cmTC_cc71d/fast && /Library/Developer/CommandLineTools/usr/bin/make  -f CMakeFiles/cmTC_cc71d.dir/build.make CMakeFiles/cmTC_cc71d.dir/build
Building CXX object CMakeFiles/cmTC_cc71d.dir/src.cxx.o
/Library/Developer/CommandLineTools/usr/bin/c++ -DHAVE_AVX2_EXTENSIONS  -march=native -isysroot /Library/Developer/CommandLineTools/SDKs/MacOSX13.0.sdk -MD -MT CMakeFiles/cmTC_cc71d.dir/src.cxx.o -MF CMakeFiles/cmTC_cc71d.dir/src.cxx.o.d -o CMakeFiles/cmTC_cc71d.dir/src.cxx.o -c /Users/woosubkim/Documents/workspace/foldseek/cmake-build-debug/CMakeFiles/CMakeTmp/src.cxx
Linking CXX executable cmTC_cc71d
/Applications/CLion.app/Contents/bin/cmake/mac/bin/cmake -E cmake_link_script CMakeFiles/cmTC_cc71d.dir/link.txt --verbose=1
/Library/Developer/CommandLineTools/usr/bin/c++  -march=native -isysroot /Library/Developer/CommandLineTools/SDKs/MacOSX13.0.sdk -Wl,-search_paths_first -Wl,-headerpad_max_install_names CMakeFiles/cmTC_cc71d.dir/src.cxx.o -o cmTC_cc71d 


...and run output:

Return value: 1
Source file was:

      #include <immintrin.h>
      int main()
      {
        volatile __m256i a, b;
        a = _mm256_set1_epi8 (1);
        b = _mm256_add_epi8 (a,a);
        return 0;
      }
Performing C++ SOURCE FILE Test HAVE_AVX_EXTENSIONS succeeded with the following compile output:
Change Dir: /Users/woosubkim/Documents/workspace/foldseek/cmake-build-debug/CMakeFiles/CMakeTmp

Run Build Command(s):/usr/bin/make -f Makefile cmTC_fb494/fast && /Library/Developer/CommandLineTools/usr/bin/make  -f CMakeFiles/cmTC_fb494.dir/build.make CMakeFiles/cmTC_fb494.dir/build
Building CXX object CMakeFiles/cmTC_fb494.dir/src.cxx.o
/Library/Developer/CommandLineTools/usr/bin/c++ -DHAVE_AVX_EXTENSIONS  -march=native -isysroot /Library/Developer/CommandLineTools/SDKs/MacOSX13.0.sdk -MD -MT CMakeFiles/cmTC_fb494.dir/src.cxx.o -MF CMakeFiles/cmTC_fb494.dir/src.cxx.o.d -o CMakeFiles/cmTC_fb494.dir/src.cxx.o -c /Users/woosubkim/Documents/workspace/foldseek/cmake-build-debug/CMakeFiles/CMakeTmp/src.cxx
Linking CXX executable cmTC_fb494
/Applications/CLion.app/Contents/bin/cmake/mac/bin/cmake -E cmake_link_script CMakeFiles/cmTC_fb494.dir/link.txt --verbose=1
/Library/Developer/CommandLineTools/usr/bin/c++  -march=native -isysroot /Library/Developer/CommandLineTools/SDKs/MacOSX13.0.sdk -Wl,-search_paths_first -Wl,-headerpad_max_install_names CMakeFiles/cmTC_fb494.dir/src.cxx.o -o cmTC_fb494 


...and run output:

Return value: 1
Source file was:

      #include <immintrin.h>
      int main()
      {
        __m256 a, b;
        float vals[8] = {1, 2, 3, 4, 5, 6, 7, 8};
        const int mask = 123;
        a = _mm256_loadu_ps(vals);
        b = a;
        b = _mm256_dp_ps (a, a, 3);
        _mm256_storeu_ps(vals,b);
        return 0;
      }
Performing C++ SOURCE FILE Test HAVE_SSE4_2_EXTENSIONS succeeded with the following compile output:
Change Dir: /Users/woosubkim/Documents/workspace/foldseek/cmake-build-debug/CMakeFiles/CMakeTmp

Run Build Command(s):/usr/bin/make -f Makefile cmTC_c83ec/fast && /Library/Developer/CommandLineTools/usr/bin/make  -f CMakeFiles/cmTC_c83ec.dir/build.make CMakeFiles/cmTC_c83ec.dir/build
Building CXX object CMakeFiles/cmTC_c83ec.dir/src.cxx.o
/Library/Developer/CommandLineTools/usr/bin/c++ -DHAVE_SSE4_2_EXTENSIONS  -march=native -isysroot /Library/Developer/CommandLineTools/SDKs/MacOSX13.0.sdk -MD -MT CMakeFiles/cmTC_c83ec.dir/src.cxx.o -MF CMakeFiles/cmTC_c83ec.dir/src.cxx.o.d -o CMakeFiles/cmTC_c83ec.dir/src.cxx.o -c /Users/woosubkim/Documents/workspace/foldseek/cmake-build-debug/CMakeFiles/CMakeTmp/src.cxx
Linking CXX executable cmTC_c83ec
/Applications/CLion.app/Contents/bin/cmake/mac/bin/cmake -E cmake_link_script CMakeFiles/cmTC_c83ec.dir/link.txt --verbose=1
/Library/Developer/CommandLineTools/usr/bin/c++  -march=native -isysroot /Library/Developer/CommandLineTools/SDKs/MacOSX13.0.sdk -Wl,-search_paths_first -Wl,-headerpad_max_install_names CMakeFiles/cmTC_c83ec.dir/src.cxx.o -o cmTC_c83ec 


...and run output:

Return value: 1
Source file was:

      #include <nmmintrin.h>
      int main ()
      {
        long long a[2] = {  1, 2 };
        long long b[2] = { -1, 3 };
        long long c[2];
        __m128i va = _mm_loadu_si128 ((__m128i*)a);
        __m128i vb = _mm_loadu_si128 ((__m128i*)b);
        __m128i vc = _mm_cmpgt_epi64 (va, vb);
        _mm_storeu_si128 ((__m128i*)c, vc);
        return 0;
      }
Performing C++ SOURCE FILE Test HAVE_SSE4_1_EXTENSIONS succeeded with the following compile output:
Change Dir: /Users/woosubkim/Documents/workspace/foldseek/cmake-build-debug/CMakeFiles/CMakeTmp

Run Build Command(s):/usr/bin/make -f Makefile cmTC_6f6de/fast && /Library/Developer/CommandLineTools/usr/bin/make  -f CMakeFiles/cmTC_6f6de.dir/build.make CMakeFiles/cmTC_6f6de.dir/build
Building CXX object CMakeFiles/cmTC_6f6de.dir/src.cxx.o
/Library/Developer/CommandLineTools/usr/bin/c++ -DHAVE_SSE4_1_EXTENSIONS  -march=native -isysroot /Library/Developer/CommandLineTools/SDKs/MacOSX13.0.sdk -MD -MT CMakeFiles/cmTC_6f6de.dir/src.cxx.o -MF CMakeFiles/cmTC_6f6de.dir/src.cxx.o.d -o CMakeFiles/cmTC_6f6de.dir/src.cxx.o -c /Users/woosubkim/Documents/workspace/foldseek/cmake-build-debug/CMakeFiles/CMakeTmp/src.cxx
Linking CXX executable cmTC_6f6de
/Applications/CLion.app/Contents/bin/cmake/mac/bin/cmake -E cmake_link_script CMakeFiles/cmTC_6f6de.dir/link.txt --verbose=1
/Library/Developer/CommandLineTools/usr/bin/c++  -march=native -isysroot /Library/Developer/CommandLineTools/SDKs/MacOSX13.0.sdk -Wl,-search_paths_first -Wl,-headerpad_max_install_names CMakeFiles/cmTC_6f6de.dir/src.cxx.o -o cmTC_6f6de 


...and run output:

Return value: 1
Source file was:

      #include <smmintrin.h>
      int main ()
      {
        volatile __m128 a, b;
        float vals[4] = {1, 2, 3, 4};
        const int mask = 123;
        a = _mm_loadu_ps (vals);
        b = a;
        b = _mm_dp_ps (a, a, 4);
        _mm_storeu_ps (vals,b);
        return (0);
      }
Performing C++ SOURCE FILE Test HAVE_SSE3_EXTENSIONS succeeded with the following compile output:
Change Dir: /Users/woosubkim/Documents/workspace/foldseek/cmake-build-debug/CMakeFiles/CMakeTmp

Run Build Command(s):/usr/bin/make -f Makefile cmTC_67031/fast && /Library/Developer/CommandLineTools/usr/bin/make  -f CMakeFiles/cmTC_67031.dir/build.make CMakeFiles/cmTC_67031.dir/build
Building CXX object CMakeFiles/cmTC_67031.dir/src.cxx.o
/Library/Developer/CommandLineTools/usr/bin/c++ -DHAVE_SSE3_EXTENSIONS  -march=native -isysroot /Library/Developer/CommandLineTools/SDKs/MacOSX13.0.sdk -MD -MT CMakeFiles/cmTC_67031.dir/src.cxx.o -MF CMakeFiles/cmTC_67031.dir/src.cxx.o.d -o CMakeFiles/cmTC_67031.dir/src.cxx.o -c /Users/woosubkim/Documents/workspace/foldseek/cmake-build-debug/CMakeFiles/CMakeTmp/src.cxx
Linking CXX executable cmTC_67031
/Applications/CLion.app/Contents/bin/cmake/mac/bin/cmake -E cmake_link_script CMakeFiles/cmTC_67031.dir/link.txt --verbose=1
/Library/Developer/CommandLineTools/usr/bin/c++  -march=native -isysroot /Library/Developer/CommandLineTools/SDKs/MacOSX13.0.sdk -Wl,-search_paths_first -Wl,-headerpad_max_install_names CMakeFiles/cmTC_67031.dir/src.cxx.o -o cmTC_67031 


...and run output:

Return value: 1
Source file was:

        #include <pmmintrin.h>
        int main ()
        {
            volatile __m128d a, b;
            double vals[2] = {0};
            a = _mm_loadu_pd (vals);
            b = _mm_hadd_pd (a,a);
            _mm_storeu_pd (vals, b);
            return (0);
        }
Performing C++ SOURCE FILE Test HAVE_SSE2_EXTENSIONS succeeded with the following compile output:
Change Dir: /Users/woosubkim/Documents/workspace/foldseek/cmake-build-debug/CMakeFiles/CMakeTmp

Run Build Command(s):/usr/bin/make -f Makefile cmTC_ffe69/fast && /Library/Developer/CommandLineTools/usr/bin/make  -f CMakeFiles/cmTC_ffe69.dir/build.make CMakeFiles/cmTC_ffe69.dir/build
Building CXX object CMakeFiles/cmTC_ffe69.dir/src.cxx.o
/Library/Developer/CommandLineTools/usr/bin/c++ -DHAVE_SSE2_EXTENSIONS  -march=native -isysroot /Library/Developer/CommandLineTools/SDKs/MacOSX13.0.sdk -MD -MT CMakeFiles/cmTC_ffe69.dir/src.cxx.o -MF CMakeFiles/cmTC_ffe69.dir/src.cxx.o.d -o CMakeFiles/cmTC_ffe69.dir/src.cxx.o -c /Users/woosubkim/Documents/workspace/foldseek/cmake-build-debug/CMakeFiles/CMakeTmp/src.cxx
Linking CXX executable cmTC_ffe69
/Applications/CLion.app/Contents/bin/cmake/mac/bin/cmake -E cmake_link_script CMakeFiles/cmTC_ffe69.dir/link.txt --verbose=1
/Library/Developer/CommandLineTools/usr/bin/c++  -march=native -isysroot /Library/Developer/CommandLineTools/SDKs/MacOSX13.0.sdk -Wl,-search_paths_first -Wl,-headerpad_max_install_names CMakeFiles/cmTC_ffe69.dir/src.cxx.o -o cmTC_ffe69 


...and run output:

Return value: 1
Source file was:

        #include <emmintrin.h>
        int main ()
        {
            volatile __m128d a, b;
            double vals[2] = {0};
            a = _mm_loadu_pd (vals);
            b = _mm_add_pd (a,a);
            _mm_storeu_pd (vals,b);
            return (0);
        }
Performing C++ SOURCE FILE Test HAVE_SSE_EXTENSIONS succeeded with the following compile output:
Change Dir: /Users/woosubkim/Documents/workspace/foldseek/cmake-build-debug/CMakeFiles/CMakeTmp

Run Build Command(s):/usr/bin/make -f Makefile cmTC_7fb85/fast && /Library/Developer/CommandLineTools/usr/bin/make  -f CMakeFiles/cmTC_7fb85.dir/build.make CMakeFiles/cmTC_7fb85.dir/build
Building CXX object CMakeFiles/cmTC_7fb85.dir/src.cxx.o
/Library/Developer/CommandLineTools/usr/bin/c++ -DHAVE_SSE_EXTENSIONS  -march=native -isysroot /Library/Developer/CommandLineTools/SDKs/MacOSX13.0.sdk -MD -MT CMakeFiles/cmTC_7fb85.dir/src.cxx.o -MF CMakeFiles/cmTC_7fb85.dir/src.cxx.o.d -o CMakeFiles/cmTC_7fb85.dir/src.cxx.o -c /Users/woosubkim/Documents/workspace/foldseek/cmake-build-debug/CMakeFiles/CMakeTmp/src.cxx
Linking CXX executable cmTC_7fb85
/Applications/CLion.app/Contents/bin/cmake/mac/bin/cmake -E cmake_link_script CMakeFiles/cmTC_7fb85.dir/link.txt --verbose=1
/Library/Developer/CommandLineTools/usr/bin/c++  -march=native -isysroot /Library/Developer/CommandLineTools/SDKs/MacOSX13.0.sdk -Wl,-search_paths_first -Wl,-headerpad_max_install_names CMakeFiles/cmTC_7fb85.dir/src.cxx.o -o cmTC_7fb85 


...and run output:

Return value: 1
Source file was:

        #include <xmmintrin.h>
        int main ()
        {
            volatile __m128 a, b;
            float vals[4] = {0};
            a = _mm_loadu_ps (vals);
            b = a;
            b = _mm_add_ps (a,b);
            _mm_storeu_ps (vals,b);
            return (0);
        }
Performing C++ SOURCE FILE Test HAVE_POSIX_MADVISE succeeded with the following output:
Change Dir: /Users/woosubkim/Documents/workspace/foldseek/cmake-build-debug/CMakeFiles/CMakeTmp

Run Build Command(s):/usr/bin/make -f Makefile cmTC_4678b/fast && /Library/Developer/CommandLineTools/usr/bin/make  -f CMakeFiles/cmTC_4678b.dir/build.make CMakeFiles/cmTC_4678b.dir/build
Building CXX object CMakeFiles/cmTC_4678b.dir/src.cxx.o
/Library/Developer/CommandLineTools/usr/bin/c++ -DHAVE_POSIX_MADVISE  -isysroot /Library/Developer/CommandLineTools/SDKs/MacOSX13.0.sdk -MD -MT CMakeFiles/cmTC_4678b.dir/src.cxx.o -MF CMakeFiles/cmTC_4678b.dir/src.cxx.o.d -o CMakeFiles/cmTC_4678b.dir/src.cxx.o -c /Users/woosubkim/Documents/workspace/foldseek/cmake-build-debug/CMakeFiles/CMakeTmp/src.cxx
Linking CXX executable cmTC_4678b
/Applications/CLion.app/Contents/bin/cmake/mac/bin/cmake -E cmake_link_script CMakeFiles/cmTC_4678b.dir/link.txt --verbose=1
/Library/Developer/CommandLineTools/usr/bin/c++  -isysroot /Library/Developer/CommandLineTools/SDKs/MacOSX13.0.sdk -Wl,-search_paths_first -Wl,-headerpad_max_install_names CMakeFiles/cmTC_4678b.dir/src.cxx.o -o cmTC_4678b 


Source file was:

        #include <stdlib.h>
        #include <fcntl.h>
        #include <stdio.h>
        #include <sys/mman.h>

        int main() {
          FILE* tmpf = tmpfile();
          void *tmp = mmap(NULL, 32, PROT_READ, MAP_SHARED, fileno(tmpf), 0);
          int test = posix_madvise(tmp, 32, POSIX_MADV_SEQUENTIAL);
          fclose(tmpf);
          return 0;
        }
Performing C++ SOURCE FILE Test ATOMIC_LIBRARY_NATIVE succeeded with the following output:
Change Dir: /Users/woosubkim/Documents/workspace/foldseek/cmake-build-debug/CMakeFiles/CMakeTmp

Run Build Command(s):/usr/bin/make -f Makefile cmTC_0d666/fast && /Library/Developer/CommandLineTools/usr/bin/make  -f CMakeFiles/cmTC_0d666.dir/build.make CMakeFiles/cmTC_0d666.dir/build
Building CXX object CMakeFiles/cmTC_0d666.dir/src.cxx.o
/Library/Developer/CommandLineTools/usr/bin/c++ -DATOMIC_LIBRARY_NATIVE  -isysroot /Library/Developer/CommandLineTools/SDKs/MacOSX13.0.sdk -MD -MT CMakeFiles/cmTC_0d666.dir/src.cxx.o -MF CMakeFiles/cmTC_0d666.dir/src.cxx.o.d -o CMakeFiles/cmTC_0d666.dir/src.cxx.o -c /Users/woosubkim/Documents/workspace/foldseek/cmake-build-debug/CMakeFiles/CMakeTmp/src.cxx
Linking CXX executable cmTC_0d666
/Applications/CLion.app/Contents/bin/cmake/mac/bin/cmake -E cmake_link_script CMakeFiles/cmTC_0d666.dir/link.txt --verbose=1
/Library/Developer/CommandLineTools/usr/bin/c++  -isysroot /Library/Developer/CommandLineTools/SDKs/MacOSX13.0.sdk -Wl,-search_paths_first -Wl,-headerpad_max_install_names CMakeFiles/cmTC_0d666.dir/src.cxx.o -o cmTC_0d666 


Source file was:

           int main() {
             volatile unsigned __int128 all_ = 4;
             __atomic_fetch_add(&all_, 8, __ATOMIC_RELAXED);
             return 0;
           }
        
Performing C++ SOURCE FILE Test HAVE_ZLIB_CHECK succeeded with the following output:
Change Dir: /Users/woosubkim/Documents/workspace/foldseek/cmake-build-debug/CMakeFiles/CMakeTmp

Run Build Command(s):/usr/bin/make -f Makefile cmTC_9632a/fast && /Library/Developer/CommandLineTools/usr/bin/make  -f CMakeFiles/cmTC_9632a.dir/build.make CMakeFiles/cmTC_9632a.dir/build
Building CXX object CMakeFiles/cmTC_9632a.dir/src.cxx.o
/Library/Developer/CommandLineTools/usr/bin/c++ -DHAVE_ZLIB_CHECK  -lz -isysroot /Library/Developer/CommandLineTools/SDKs/MacOSX13.0.sdk -MD -MT CMakeFiles/cmTC_9632a.dir/src.cxx.o -MF CMakeFiles/cmTC_9632a.dir/src.cxx.o.d -o CMakeFiles/cmTC_9632a.dir/src.cxx.o -c /Users/woosubkim/Documents/workspace/foldseek/cmake-build-debug/CMakeFiles/CMakeTmp/src.cxx
clang: warning: -lz: 'linker' input unused [-Wunused-command-line-argument]
Linking CXX executable cmTC_9632a
/Applications/CLion.app/Contents/bin/cmake/mac/bin/cmake -E cmake_link_script CMakeFiles/cmTC_9632a.dir/link.txt --verbose=1
/Library/Developer/CommandLineTools/usr/bin/c++  -lz -isysroot /Library/Developer/CommandLineTools/SDKs/MacOSX13.0.sdk -Wl,-search_paths_first -Wl,-headerpad_max_install_names CMakeFiles/cmTC_9632a.dir/src.cxx.o -o cmTC_9632a  /Library/Developer/CommandLineTools/SDKs/MacOSX13.0.sdk/usr/lib/libz.tbd 


Source file was:

        #include <zlib.h>
        int main() { gzFile file; return 0; }
Determining if the BZ2_bzCompressInit exist passed with the following output:
Change Dir: /Users/woosubkim/Documents/workspace/foldseek/cmake-build-debug/CMakeFiles/CMakeTmp

Run Build Command(s):/usr/bin/make -f Makefile cmTC_d0554/fast && /Library/Developer/CommandLineTools/usr/bin/make  -f CMakeFiles/cmTC_d0554.dir/build.make CMakeFiles/cmTC_d0554.dir/build
Building C object CMakeFiles/cmTC_d0554.dir/CheckSymbolExists.c.o
/Library/Developer/CommandLineTools/usr/bin/cc   -isysroot /Library/Developer/CommandLineTools/SDKs/MacOSX13.0.sdk -MD -MT CMakeFiles/cmTC_d0554.dir/CheckSymbolExists.c.o -MF CMakeFiles/cmTC_d0554.dir/CheckSymbolExists.c.o.d -o CMakeFiles/cmTC_d0554.dir/CheckSymbolExists.c.o -c /Users/woosubkim/Documents/workspace/foldseek/cmake-build-debug/CMakeFiles/CMakeTmp/CheckSymbolExists.c
Linking C executable cmTC_d0554
/Applications/CLion.app/Contents/bin/cmake/mac/bin/cmake -E cmake_link_script CMakeFiles/cmTC_d0554.dir/link.txt --verbose=1
/Library/Developer/CommandLineTools/usr/bin/cc  -isysroot /Library/Developer/CommandLineTools/SDKs/MacOSX13.0.sdk -Wl,-search_paths_first -Wl,-headerpad_max_install_names CMakeFiles/cmTC_d0554.dir/CheckSymbolExists.c.o -o cmTC_d0554  /Library/Developer/CommandLineTools/SDKs/MacOSX13.0.sdk/usr/lib/libbz2.tbd 


File /Users/woosubkim/Documents/workspace/foldseek/cmake-build-debug/CMakeFiles/CMakeTmp/CheckSymbolExists.c:
/* */
#include <bzlib.h>

int main(int argc, char** argv)
{
  (void)argv;
#ifndef BZ2_bzCompressInit
  return ((int*)(&BZ2_bzCompressInit))[argc];
#else
  (void)argc;
  return 0;
#endif
}
Performing C++ SOURCE FILE Test HAVE_BZLIB_CHECK succeeded with the following output:
Change Dir: /Users/woosubkim/Documents/workspace/foldseek/cmake-build-debug/CMakeFiles/CMakeTmp

Run Build Command(s):/usr/bin/make -f Makefile cmTC_3b025/fast && /Library/Developer/CommandLineTools/usr/bin/make  -f CMakeFiles/cmTC_3b025.dir/build.make CMakeFiles/cmTC_3b025.dir/build
Building CXX object CMakeFiles/cmTC_3b025.dir/src.cxx.o
/Library/Developer/CommandLineTools/usr/bin/c++ -DHAVE_BZLIB_CHECK  -lbz2 -isysroot /Library/Developer/CommandLineTools/SDKs/MacOSX13.0.sdk -MD -MT CMakeFiles/cmTC_3b025.dir/src.cxx.o -MF CMakeFiles/cmTC_3b025.dir/src.cxx.o.d -o CMakeFiles/cmTC_3b025.dir/src.cxx.o -c /Users/woosubkim/Documents/workspace/foldseek/cmake-build-debug/CMakeFiles/CMakeTmp/src.cxx
clang: warning: -lbz2: 'linker' input unused [-Wunused-command-line-argument]
Linking CXX executable cmTC_3b025
/Applications/CLion.app/Contents/bin/cmake/mac/bin/cmake -E cmake_link_script CMakeFiles/cmTC_3b025.dir/link.txt --verbose=1
/Library/Developer/CommandLineTools/usr/bin/c++  -lbz2 -isysroot /Library/Developer/CommandLineTools/SDKs/MacOSX13.0.sdk -Wl,-search_paths_first -Wl,-headerpad_max_install_names CMakeFiles/cmTC_3b025.dir/src.cxx.o -o cmTC_3b025  /Library/Developer/CommandLineTools/SDKs/MacOSX13.0.sdk/usr/lib/libbz2.tbd 


Source file was:

        #include <bzlib.h>
        int main() { bz_stream stream; return 0; }
