Compiling the C compiler identification source file "CMakeCCompilerId.c" failed.
Compiler: /Library/Developer/CommandLineTools/usr/bin/cc 
Build flags: 
Id flags:  

The output was:
1
ld: library not found for -lSystem
clang: error: linker command failed with exit code 1 (use -v to see invocation)


Compiling the CXX compiler identification source file "CMakeCXXCompilerId.cpp" failed.
Compiler: /Library/Developer/CommandLineTools/usr/bin/c++ 
Build flags: 
Id flags:  

The output was:
1
ld: library not found for -lc++
clang: error: linker command failed with exit code 1 (use -v to see invocation)


Performing C++ SOURCE FILE Test HAVE_POSIX_FADVISE failed with the following output:
Change Dir: /Users/woosubkim/Documents/workspace/foldseek/cmake-build-debug/CMakeFiles/CMakeTmp

Run Build Command(s):/usr/bin/make -f Makefile cmTC_e09eb/fast && /Library/Developer/CommandLineTools/usr/bin/make  -f CMakeFiles/cmTC_e09eb.dir/build.make CMakeFiles/cmTC_e09eb.dir/build
Building CXX object CMakeFiles/cmTC_e09eb.dir/src.cxx.o
/Library/Developer/CommandLineTools/usr/bin/c++ -DHAVE_POSIX_FADVISE  -isysroot /Library/Developer/CommandLineTools/SDKs/MacOSX13.0.sdk -MD -MT CMakeFiles/cmTC_e09eb.dir/src.cxx.o -MF CMakeFiles/cmTC_e09eb.dir/src.cxx.o.d -o CMakeFiles/cmTC_e09eb.dir/src.cxx.o -c /Users/woosubkim/Documents/workspace/foldseek/cmake-build-debug/CMakeFiles/CMakeTmp/src.cxx
/Users/woosubkim/Documents/workspace/foldseek/cmake-build-debug/CMakeFiles/CMakeTmp/src.cxx:9:54: error: use of undeclared identifier 'POSIX_FADV_SEQUENTIAL'
          int test = posix_fadvise(input_desc, 0, 0, POSIX_FADV_SEQUENTIAL);
                                                     ^
1 error generated.
make[1]: *** [CMakeFiles/cmTC_e09eb.dir/src.cxx.o] Error 1
make: *** [cmTC_e09eb/fast] Error 2


Source file was:

        #include <stdlib.h>
        #include <fcntl.h>
        #include <stdio.h>

        int main() {
          FILE* tmpf = tmpfile();
          int input_desc = fileno(tmpf);
          int test = posix_fadvise(input_desc, 0, 0, POSIX_FADV_SEQUENTIAL);
          fclose(tmpf);
          return 0;
        }
Detecting C OpenMP failed with the following output:
Change Dir: /Users/woosubkim/Documents/workspace/foldseek/cmake-build-debug/CMakeFiles/CMakeTmp

Run Build Command(s):/usr/bin/make -f Makefile cmTC_a15f5/fast && /Library/Developer/CommandLineTools/usr/bin/make  -f CMakeFiles/cmTC_a15f5.dir/build.make CMakeFiles/cmTC_a15f5.dir/build
Building C object CMakeFiles/cmTC_a15f5.dir/OpenMPTryFlag.c.o
/Library/Developer/CommandLineTools/usr/bin/cc   -fopenmp=libomp -v -isysroot /Library/Developer/CommandLineTools/SDKs/MacOSX13.0.sdk -MD -MT CMakeFiles/cmTC_a15f5.dir/OpenMPTryFlag.c.o -MF CMakeFiles/cmTC_a15f5.dir/OpenMPTryFlag.c.o.d -o CMakeFiles/cmTC_a15f5.dir/OpenMPTryFlag.c.o -c /Users/woosubkim/Documents/workspace/foldseek/cmake-build-debug/CMakeFiles/FindOpenMP/OpenMPTryFlag.c
Apple clang version 14.0.0 (clang-1400.0.29.202)
Target: x86_64-apple-darwin22.1.0
Thread model: posix
InstalledDir: /Library/Developer/CommandLineTools/usr/bin
clang: error: unsupported argument 'libomp' to option 'fopenmp='
make[1]: *** [CMakeFiles/cmTC_a15f5.dir/OpenMPTryFlag.c.o] Error 1
make: *** [cmTC_a15f5/fast] Error 2



Detecting C OpenMP failed with the following output:
Change Dir: /Users/woosubkim/Documents/workspace/foldseek/cmake-build-debug/CMakeFiles/CMakeTmp

Run Build Command(s):/usr/bin/make -f Makefile cmTC_bc55f/fast && /Library/Developer/CommandLineTools/usr/bin/make  -f CMakeFiles/cmTC_bc55f.dir/build.make CMakeFiles/cmTC_bc55f.dir/build
Building C object CMakeFiles/cmTC_bc55f.dir/OpenMPTryFlag.c.o
/Library/Developer/CommandLineTools/usr/bin/cc   -fopenmp=libiomp5 -v -isysroot /Library/Developer/CommandLineTools/SDKs/MacOSX13.0.sdk -MD -MT CMakeFiles/cmTC_bc55f.dir/OpenMPTryFlag.c.o -MF CMakeFiles/cmTC_bc55f.dir/OpenMPTryFlag.c.o.d -o CMakeFiles/cmTC_bc55f.dir/OpenMPTryFlag.c.o -c /Users/woosubkim/Documents/workspace/foldseek/cmake-build-debug/CMakeFiles/FindOpenMP/OpenMPTryFlag.c
Apple clang version 14.0.0 (clang-1400.0.29.202)
Target: x86_64-apple-darwin22.1.0
Thread model: posix
InstalledDir: /Library/Developer/CommandLineTools/usr/bin
clang: error: unsupported argument 'libiomp5' to option 'fopenmp='
make[1]: *** [CMakeFiles/cmTC_bc55f.dir/OpenMPTryFlag.c.o] Error 1
make: *** [cmTC_bc55f/fast] Error 2



Detecting C OpenMP failed with the following output:
Change Dir: /Users/woosubkim/Documents/workspace/foldseek/cmake-build-debug/CMakeFiles/CMakeTmp

Run Build Command(s):/usr/bin/make -f Makefile cmTC_bb967/fast && /Library/Developer/CommandLineTools/usr/bin/make  -f CMakeFiles/cmTC_bb967.dir/build.make CMakeFiles/cmTC_bb967.dir/build
Building C object CMakeFiles/cmTC_bb967.dir/OpenMPTryFlag.c.o
/Library/Developer/CommandLineTools/usr/bin/cc   -fopenmp -v -isysroot /Library/Developer/CommandLineTools/SDKs/MacOSX13.0.sdk -MD -MT CMakeFiles/cmTC_bb967.dir/OpenMPTryFlag.c.o -MF CMakeFiles/cmTC_bb967.dir/OpenMPTryFlag.c.o.d -o CMakeFiles/cmTC_bb967.dir/OpenMPTryFlag.c.o -c /Users/woosubkim/Documents/workspace/foldseek/cmake-build-debug/CMakeFiles/FindOpenMP/OpenMPTryFlag.c
Apple clang version 14.0.0 (clang-1400.0.29.202)
Target: x86_64-apple-darwin22.1.0
Thread model: posix
InstalledDir: /Library/Developer/CommandLineTools/usr/bin
clang: error: unsupported option '-fopenmp'
make[1]: *** [CMakeFiles/cmTC_bb967.dir/OpenMPTryFlag.c.o] Error 1
make: *** [cmTC_bb967/fast] Error 2



Detecting C OpenMP failed with the following output:
Change Dir: /Users/woosubkim/Documents/workspace/foldseek/cmake-build-debug/CMakeFiles/CMakeTmp

Run Build Command(s):/usr/bin/make -f Makefile cmTC_e5831/fast && /Library/Developer/CommandLineTools/usr/bin/make  -f CMakeFiles/cmTC_e5831.dir/build.make CMakeFiles/cmTC_e5831.dir/build
Building C object CMakeFiles/cmTC_e5831.dir/OpenMPTryFlag.c.o
/Library/Developer/CommandLineTools/usr/bin/cc   -Xclang -fopenmp -v -isysroot /Library/Developer/CommandLineTools/SDKs/MacOSX13.0.sdk -MD -MT CMakeFiles/cmTC_e5831.dir/OpenMPTryFlag.c.o -MF CMakeFiles/cmTC_e5831.dir/OpenMPTryFlag.c.o.d -o CMakeFiles/cmTC_e5831.dir/OpenMPTryFlag.c.o -c /Users/woosubkim/Documents/workspace/foldseek/cmake-build-debug/CMakeFiles/FindOpenMP/OpenMPTryFlag.c
Apple clang version 14.0.0 (clang-1400.0.29.202)
Target: x86_64-apple-darwin22.1.0
Thread model: posix
InstalledDir: /Library/Developer/CommandLineTools/usr/bin
 "/Library/Developer/CommandLineTools/usr/bin/clang" -cc1 -triple x86_64-apple-macosx13.0.0 -Wundef-prefix=TARGET_OS_ -Wdeprecated-objc-isa-usage -Werror=deprecated-objc-isa-usage -Werror=implicit-function-declaration -emit-obj -mrelax-all --mrelax-relocations -disable-free -clear-ast-before-backend -disable-llvm-verifier -discard-value-names -main-file-name OpenMPTryFlag.c -mrelocation-model pic -pic-level 2 -mframe-pointer=all -fno-strict-return -fno-rounding-math -funwind-tables=2 -target-sdk-version=13.0 -fvisibility-inlines-hidden-static-local-var -target-cpu penryn -tune-cpu generic -debugger-tuning=lldb -target-linker-version 820.1 -v -resource-dir /Library/Developer/CommandLineTools/usr/lib/clang/14.0.0 -dependency-file CMakeFiles/cmTC_e5831.dir/OpenMPTryFlag.c.o.d -skip-unused-modulemap-deps -MT CMakeFiles/cmTC_e5831.dir/OpenMPTryFlag.c.o -sys-header-deps -isysroot /Library/Developer/CommandLineTools/SDKs/MacOSX13.0.sdk -internal-isystem /Library/Developer/CommandLineTools/SDKs/MacOSX13.0.sdk/usr/local/include -internal-isystem /Library/Developer/CommandLineTools/usr/lib/clang/14.0.0/include -internal-externc-isystem /Library/Developer/CommandLineTools/SDKs/MacOSX13.0.sdk/usr/include -internal-externc-isystem /Library/Developer/CommandLineTools/usr/include -Wno-reorder-init-list -Wno-implicit-int-float-conversion -Wno-c99-designator -Wno-final-dtor-non-final-class -Wno-extra-semi-stmt -Wno-misleading-indentation -Wno-quoted-include-in-framework-header -Wno-implicit-fallthrough -Wno-enum-enum-conversion -Wno-enum-float-conversion -Wno-elaborated-enum-base -Wno-reserved-identifier -Wno-gnu-folding-constant -Wno-cast-function-type -Wno-bitwise-instead-of-logical -fdebug-compilation-dir=/Users/woosubkim/Documents/workspace/foldseek/cmake-build-debug/CMakeFiles/CMakeTmp -ferror-limit 19 -stack-protector 1 -fstack-check -mdarwin-stkchk-strong-link -fblocks -fencode-extended-block-signature -fregister-global-dtors-with-atexit -fgnuc-version=4.2.1 -fmax-type-align=16 -fcommon -fopenmp -clang-vendor-feature=+messageToSelfInClassMethodIdReturnType -clang-vendor-feature=+disableInferNewAvailabilityFromInit -clang-vendor-feature=+disableNonDependentMemberExprInCurrentInstantiation -fno-odr-hash-protocols -clang-vendor-feature=+enableAggressiveVLAFolding -clang-vendor-feature=+revert09abecef7bbf -clang-vendor-feature=+thisNoAlignAttr -clang-vendor-feature=+thisNoNullAttr -mllvm -disable-aligned-alloc-awareness=1 -D__GCC_HAVE_DWARF2_CFI_ASM=1 -o CMakeFiles/cmTC_e5831.dir/OpenMPTryFlag.c.o -x c /Users/woosubkim/Documents/workspace/foldseek/cmake-build-debug/CMakeFiles/FindOpenMP/OpenMPTryFlag.c
clang -cc1 version 14.0.0 (clang-1400.0.29.202) default target x86_64-apple-darwin22.1.0
ignoring nonexistent directory "/Library/Developer/CommandLineTools/SDKs/MacOSX13.0.sdk/usr/local/include"
ignoring nonexistent directory "/Library/Developer/CommandLineTools/SDKs/MacOSX13.0.sdk/Library/Frameworks"
#include "..." search starts here:
#include <...> search starts here:
 /Library/Developer/CommandLineTools/usr/lib/clang/14.0.0/include
 /Library/Developer/CommandLineTools/SDKs/MacOSX13.0.sdk/usr/include
 /Library/Developer/CommandLineTools/usr/include
 /Library/Developer/CommandLineTools/SDKs/MacOSX13.0.sdk/System/Library/Frameworks (framework directory)
End of search list.
/Users/woosubkim/Documents/workspace/foldseek/cmake-build-debug/CMakeFiles/FindOpenMP/OpenMPTryFlag.c:2:10: fatal error: 'omp.h' file not found
#include <omp.h>
         ^~~~~~~
1 error generated.
make[1]: *** [CMakeFiles/cmTC_e5831.dir/OpenMPTryFlag.c.o] Error 1
make: *** [cmTC_e5831/fast] Error 2



Detecting CXX OpenMP failed with the following output:
Change Dir: /Users/woosubkim/Documents/workspace/foldseek/cmake-build-debug/CMakeFiles/CMakeTmp

Run Build Command(s):/usr/bin/make -f Makefile cmTC_8ab98/fast && /Library/Developer/CommandLineTools/usr/bin/make  -f CMakeFiles/cmTC_8ab98.dir/build.make CMakeFiles/cmTC_8ab98.dir/build
Building CXX object CMakeFiles/cmTC_8ab98.dir/OpenMPTryFlag.cpp.o
/Library/Developer/CommandLineTools/usr/bin/c++   -fopenmp=libomp -v -isysroot /Library/Developer/CommandLineTools/SDKs/MacOSX13.0.sdk -MD -MT CMakeFiles/cmTC_8ab98.dir/OpenMPTryFlag.cpp.o -MF CMakeFiles/cmTC_8ab98.dir/OpenMPTryFlag.cpp.o.d -o CMakeFiles/cmTC_8ab98.dir/OpenMPTryFlag.cpp.o -c /Users/woosubkim/Documents/workspace/foldseek/cmake-build-debug/CMakeFiles/FindOpenMP/OpenMPTryFlag.cpp
Apple clang version 14.0.0 (clang-1400.0.29.202)
Target: x86_64-apple-darwin22.1.0
Thread model: posix
InstalledDir: /Library/Developer/CommandLineTools/usr/bin
clang: error: unsupported argument 'libomp' to option 'fopenmp='
make[1]: *** [CMakeFiles/cmTC_8ab98.dir/OpenMPTryFlag.cpp.o] Error 1
make: *** [cmTC_8ab98/fast] Error 2



Detecting CXX OpenMP failed with the following output:
Change Dir: /Users/woosubkim/Documents/workspace/foldseek/cmake-build-debug/CMakeFiles/CMakeTmp

Run Build Command(s):/usr/bin/make -f Makefile cmTC_d5ad4/fast && /Library/Developer/CommandLineTools/usr/bin/make  -f CMakeFiles/cmTC_d5ad4.dir/build.make CMakeFiles/cmTC_d5ad4.dir/build
Building CXX object CMakeFiles/cmTC_d5ad4.dir/OpenMPTryFlag.cpp.o
/Library/Developer/CommandLineTools/usr/bin/c++   -fopenmp=libiomp5 -v -isysroot /Library/Developer/CommandLineTools/SDKs/MacOSX13.0.sdk -MD -MT CMakeFiles/cmTC_d5ad4.dir/OpenMPTryFlag.cpp.o -MF CMakeFiles/cmTC_d5ad4.dir/OpenMPTryFlag.cpp.o.d -o CMakeFiles/cmTC_d5ad4.dir/OpenMPTryFlag.cpp.o -c /Users/woosubkim/Documents/workspace/foldseek/cmake-build-debug/CMakeFiles/FindOpenMP/OpenMPTryFlag.cpp
Apple clang version 14.0.0 (clang-1400.0.29.202)
Target: x86_64-apple-darwin22.1.0
Thread model: posix
InstalledDir: /Library/Developer/CommandLineTools/usr/bin
clang: error: unsupported argument 'libiomp5' to option 'fopenmp='
make[1]: *** [CMakeFiles/cmTC_d5ad4.dir/OpenMPTryFlag.cpp.o] Error 1
make: *** [cmTC_d5ad4/fast] Error 2



Detecting CXX OpenMP failed with the following output:
Change Dir: /Users/woosubkim/Documents/workspace/foldseek/cmake-build-debug/CMakeFiles/CMakeTmp

Run Build Command(s):/usr/bin/make -f Makefile cmTC_66edd/fast && /Library/Developer/CommandLineTools/usr/bin/make  -f CMakeFiles/cmTC_66edd.dir/build.make CMakeFiles/cmTC_66edd.dir/build
Building CXX object CMakeFiles/cmTC_66edd.dir/OpenMPTryFlag.cpp.o
/Library/Developer/CommandLineTools/usr/bin/c++   -fopenmp -v -isysroot /Library/Developer/CommandLineTools/SDKs/MacOSX13.0.sdk -MD -MT CMakeFiles/cmTC_66edd.dir/OpenMPTryFlag.cpp.o -MF CMakeFiles/cmTC_66edd.dir/OpenMPTryFlag.cpp.o.d -o CMakeFiles/cmTC_66edd.dir/OpenMPTryFlag.cpp.o -c /Users/woosubkim/Documents/workspace/foldseek/cmake-build-debug/CMakeFiles/FindOpenMP/OpenMPTryFlag.cpp
Apple clang version 14.0.0 (clang-1400.0.29.202)
Target: x86_64-apple-darwin22.1.0
Thread model: posix
InstalledDir: /Library/Developer/CommandLineTools/usr/bin
clang: error: unsupported option '-fopenmp'
make[1]: *** [CMakeFiles/cmTC_66edd.dir/OpenMPTryFlag.cpp.o] Error 1
make: *** [cmTC_66edd/fast] Error 2



Detecting CXX OpenMP failed with the following output:
Change Dir: /Users/woosubkim/Documents/workspace/foldseek/cmake-build-debug/CMakeFiles/CMakeTmp

Run Build Command(s):/usr/bin/make -f Makefile cmTC_09d44/fast && /Library/Developer/CommandLineTools/usr/bin/make  -f CMakeFiles/cmTC_09d44.dir/build.make CMakeFiles/cmTC_09d44.dir/build
Building CXX object CMakeFiles/cmTC_09d44.dir/OpenMPTryFlag.cpp.o
/Library/Developer/CommandLineTools/usr/bin/c++   -Xclang -fopenmp -v -isysroot /Library/Developer/CommandLineTools/SDKs/MacOSX13.0.sdk -MD -MT CMakeFiles/cmTC_09d44.dir/OpenMPTryFlag.cpp.o -MF CMakeFiles/cmTC_09d44.dir/OpenMPTryFlag.cpp.o.d -o CMakeFiles/cmTC_09d44.dir/OpenMPTryFlag.cpp.o -c /Users/woosubkim/Documents/workspace/foldseek/cmake-build-debug/CMakeFiles/FindOpenMP/OpenMPTryFlag.cpp
Apple clang version 14.0.0 (clang-1400.0.29.202)
Target: x86_64-apple-darwin22.1.0
Thread model: posix
InstalledDir: /Library/Developer/CommandLineTools/usr/bin
 "/Library/Developer/CommandLineTools/usr/bin/clang" -cc1 -triple x86_64-apple-macosx13.0.0 -Wundef-prefix=TARGET_OS_ -Wdeprecated-objc-isa-usage -Werror=deprecated-objc-isa-usage -Werror=implicit-function-declaration -emit-obj -mrelax-all --mrelax-relocations -disable-free -clear-ast-before-backend -disable-llvm-verifier -discard-value-names -main-file-name OpenMPTryFlag.cpp -mrelocation-model pic -pic-level 2 -mframe-pointer=all -fno-strict-return -fno-rounding-math -funwind-tables=2 -target-sdk-version=13.0 -fvisibility-inlines-hidden-static-local-var -target-cpu penryn -tune-cpu generic -debugger-tuning=lldb -target-linker-version 820.1 -v -resource-dir /Library/Developer/CommandLineTools/usr/lib/clang/14.0.0 -dependency-file CMakeFiles/cmTC_09d44.dir/OpenMPTryFlag.cpp.o.d -skip-unused-modulemap-deps -MT CMakeFiles/cmTC_09d44.dir/OpenMPTryFlag.cpp.o -sys-header-deps -isysroot /Library/Developer/CommandLineTools/SDKs/MacOSX13.0.sdk -stdlib=libc++ -internal-isystem /Library/Developer/CommandLineTools/SDKs/MacOSX13.0.sdk/usr/include/c++/v1 -internal-isystem /Library/Developer/CommandLineTools/SDKs/MacOSX13.0.sdk/usr/local/include -internal-isystem /Library/Developer/CommandLineTools/usr/lib/clang/14.0.0/include -internal-externc-isystem /Library/Developer/CommandLineTools/SDKs/MacOSX13.0.sdk/usr/include -internal-externc-isystem /Library/Developer/CommandLineTools/usr/include -Wno-reorder-init-list -Wno-implicit-int-float-conversion -Wno-c99-designator -Wno-final-dtor-non-final-class -Wno-extra-semi-stmt -Wno-misleading-indentation -Wno-quoted-include-in-framework-header -Wno-implicit-fallthrough -Wno-enum-enum-conversion -Wno-enum-float-conversion -Wno-elaborated-enum-base -Wno-reserved-identifier -Wno-gnu-folding-constant -Wno-cast-function-type -Wno-bitwise-instead-of-logical -fdeprecated-macro -fdebug-compilation-dir=/Users/woosubkim/Documents/workspace/foldseek/cmake-build-debug/CMakeFiles/CMakeTmp -ferror-limit 19 -stack-protector 1 -fstack-check -mdarwin-stkchk-strong-link -fblocks -fencode-extended-block-signature -fregister-global-dtors-with-atexit -fgnuc-version=4.2.1 -fno-cxx-modules -fcxx-exceptions -fexceptions -fmax-type-align=16 -fcommon -fopenmp -clang-vendor-feature=+messageToSelfInClassMethodIdReturnType -clang-vendor-feature=+disableInferNewAvailabilityFromInit -clang-vendor-feature=+disableNonDependentMemberExprInCurrentInstantiation -fno-odr-hash-protocols -clang-vendor-feature=+enableAggressiveVLAFolding -clang-vendor-feature=+revert09abecef7bbf -clang-vendor-feature=+thisNoAlignAttr -clang-vendor-feature=+thisNoNullAttr -mllvm -disable-aligned-alloc-awareness=1 -D__GCC_HAVE_DWARF2_CFI_ASM=1 -o CMakeFiles/cmTC_09d44.dir/OpenMPTryFlag.cpp.o -x c++ /Users/woosubkim/Documents/workspace/foldseek/cmake-build-debug/CMakeFiles/FindOpenMP/OpenMPTryFlag.cpp
clang -cc1 version 14.0.0 (clang-1400.0.29.202) default target x86_64-apple-darwin22.1.0
ignoring nonexistent directory "/Library/Developer/CommandLineTools/SDKs/MacOSX13.0.sdk/usr/local/include"
ignoring nonexistent directory "/Library/Developer/CommandLineTools/SDKs/MacOSX13.0.sdk/Library/Frameworks"
#include "..." search starts here:
#include <...> search starts here:
 /Library/Developer/CommandLineTools/SDKs/MacOSX13.0.sdk/usr/include/c++/v1
 /Library/Developer/CommandLineTools/usr/lib/clang/14.0.0/include
 /Library/Developer/CommandLineTools/SDKs/MacOSX13.0.sdk/usr/include
 /Library/Developer/CommandLineTools/usr/include
 /Library/Developer/CommandLineTools/SDKs/MacOSX13.0.sdk/System/Library/Frameworks (framework directory)
End of search list.
/Users/woosubkim/Documents/workspace/foldseek/cmake-build-debug/CMakeFiles/FindOpenMP/OpenMPTryFlag.cpp:2:10: fatal error: 'omp.h' file not found
#include <omp.h>
         ^~~~~~~
1 error generated.
make[1]: *** [CMakeFiles/cmTC_09d44.dir/OpenMPTryFlag.cpp.o] Error 1
make: *** [cmTC_09d44/fast] Error 2



Detecting C OpenMP failed with the following output:
Change Dir: /Users/woosubkim/Documents/workspace/foldseek/cmake-build-debug/CMakeFiles/CMakeTmp

Run Build Command(s):/usr/bin/make -f Makefile cmTC_7d4a3/fast && /Library/Developer/CommandLineTools/usr/bin/make  -f CMakeFiles/cmTC_7d4a3.dir/build.make CMakeFiles/cmTC_7d4a3.dir/build
Building C object CMakeFiles/cmTC_7d4a3.dir/OpenMPTryFlag.c.o
/Library/Developer/CommandLineTools/usr/bin/cc   -fopenmp=libomp -v -isysroot /Library/Developer/CommandLineTools/SDKs/MacOSX13.0.sdk -MD -MT CMakeFiles/cmTC_7d4a3.dir/OpenMPTryFlag.c.o -MF CMakeFiles/cmTC_7d4a3.dir/OpenMPTryFlag.c.o.d -o CMakeFiles/cmTC_7d4a3.dir/OpenMPTryFlag.c.o -c /Users/woosubkim/Documents/workspace/foldseek/cmake-build-debug/CMakeFiles/FindOpenMP/OpenMPTryFlag.c
Apple clang version 14.0.0 (clang-1400.0.29.202)
Target: x86_64-apple-darwin22.1.0
Thread model: posix
InstalledDir: /Library/Developer/CommandLineTools/usr/bin
clang: error: unsupported argument 'libomp' to option 'fopenmp='
make[1]: *** [CMakeFiles/cmTC_7d4a3.dir/OpenMPTryFlag.c.o] Error 1
make: *** [cmTC_7d4a3/fast] Error 2



Detecting C OpenMP failed with the following output:
Change Dir: /Users/woosubkim/Documents/workspace/foldseek/cmake-build-debug/CMakeFiles/CMakeTmp

Run Build Command(s):/usr/bin/make -f Makefile cmTC_51410/fast && /Library/Developer/CommandLineTools/usr/bin/make  -f CMakeFiles/cmTC_51410.dir/build.make CMakeFiles/cmTC_51410.dir/build
Building C object CMakeFiles/cmTC_51410.dir/OpenMPTryFlag.c.o
/Library/Developer/CommandLineTools/usr/bin/cc   -fopenmp=libiomp5 -v -isysroot /Library/Developer/CommandLineTools/SDKs/MacOSX13.0.sdk -MD -MT CMakeFiles/cmTC_51410.dir/OpenMPTryFlag.c.o -MF CMakeFiles/cmTC_51410.dir/OpenMPTryFlag.c.o.d -o CMakeFiles/cmTC_51410.dir/OpenMPTryFlag.c.o -c /Users/woosubkim/Documents/workspace/foldseek/cmake-build-debug/CMakeFiles/FindOpenMP/OpenMPTryFlag.c
Apple clang version 14.0.0 (clang-1400.0.29.202)
Target: x86_64-apple-darwin22.1.0
Thread model: posix
InstalledDir: /Library/Developer/CommandLineTools/usr/bin
clang: error: unsupported argument 'libiomp5' to option 'fopenmp='
make[1]: *** [CMakeFiles/cmTC_51410.dir/OpenMPTryFlag.c.o] Error 1
make: *** [cmTC_51410/fast] Error 2



Detecting C OpenMP failed with the following output:
Change Dir: /Users/woosubkim/Documents/workspace/foldseek/cmake-build-debug/CMakeFiles/CMakeTmp

Run Build Command(s):/usr/bin/make -f Makefile cmTC_6343f/fast && /Library/Developer/CommandLineTools/usr/bin/make  -f CMakeFiles/cmTC_6343f.dir/build.make CMakeFiles/cmTC_6343f.dir/build
Building C object CMakeFiles/cmTC_6343f.dir/OpenMPTryFlag.c.o
/Library/Developer/CommandLineTools/usr/bin/cc   -fopenmp -v -isysroot /Library/Developer/CommandLineTools/SDKs/MacOSX13.0.sdk -MD -MT CMakeFiles/cmTC_6343f.dir/OpenMPTryFlag.c.o -MF CMakeFiles/cmTC_6343f.dir/OpenMPTryFlag.c.o.d -o CMakeFiles/cmTC_6343f.dir/OpenMPTryFlag.c.o -c /Users/woosubkim/Documents/workspace/foldseek/cmake-build-debug/CMakeFiles/FindOpenMP/OpenMPTryFlag.c
Apple clang version 14.0.0 (clang-1400.0.29.202)
Target: x86_64-apple-darwin22.1.0
Thread model: posix
InstalledDir: /Library/Developer/CommandLineTools/usr/bin
clang: error: unsupported option '-fopenmp'
make[1]: *** [CMakeFiles/cmTC_6343f.dir/OpenMPTryFlag.c.o] Error 1
make: *** [cmTC_6343f/fast] Error 2



Detecting C OpenMP failed with the following output:
Change Dir: /Users/woosubkim/Documents/workspace/foldseek/cmake-build-debug/CMakeFiles/CMakeTmp

Run Build Command(s):/usr/bin/make -f Makefile cmTC_824da/fast && /Library/Developer/CommandLineTools/usr/bin/make  -f CMakeFiles/cmTC_824da.dir/build.make CMakeFiles/cmTC_824da.dir/build
Building C object CMakeFiles/cmTC_824da.dir/OpenMPTryFlag.c.o
/Library/Developer/CommandLineTools/usr/bin/cc   -Xclang -fopenmp -v -isysroot /Library/Developer/CommandLineTools/SDKs/MacOSX13.0.sdk -MD -MT CMakeFiles/cmTC_824da.dir/OpenMPTryFlag.c.o -MF CMakeFiles/cmTC_824da.dir/OpenMPTryFlag.c.o.d -o CMakeFiles/cmTC_824da.dir/OpenMPTryFlag.c.o -c /Users/woosubkim/Documents/workspace/foldseek/cmake-build-debug/CMakeFiles/FindOpenMP/OpenMPTryFlag.c
Apple clang version 14.0.0 (clang-1400.0.29.202)
Target: x86_64-apple-darwin22.1.0
Thread model: posix
InstalledDir: /Library/Developer/CommandLineTools/usr/bin
 "/Library/Developer/CommandLineTools/usr/bin/clang" -cc1 -triple x86_64-apple-macosx13.0.0 -Wundef-prefix=TARGET_OS_ -Wdeprecated-objc-isa-usage -Werror=deprecated-objc-isa-usage -Werror=implicit-function-declaration -emit-obj -mrelax-all --mrelax-relocations -disable-free -clear-ast-before-backend -disable-llvm-verifier -discard-value-names -main-file-name OpenMPTryFlag.c -mrelocation-model pic -pic-level 2 -mframe-pointer=all -fno-strict-return -fno-rounding-math -funwind-tables=2 -target-sdk-version=13.0 -fvisibility-inlines-hidden-static-local-var -target-cpu penryn -tune-cpu generic -debugger-tuning=lldb -target-linker-version 820.1 -v -resource-dir /Library/Developer/CommandLineTools/usr/lib/clang/14.0.0 -dependency-file CMakeFiles/cmTC_824da.dir/OpenMPTryFlag.c.o.d -skip-unused-modulemap-deps -MT CMakeFiles/cmTC_824da.dir/OpenMPTryFlag.c.o -sys-header-deps -isysroot /Library/Developer/CommandLineTools/SDKs/MacOSX13.0.sdk -internal-isystem /Library/Developer/CommandLineTools/SDKs/MacOSX13.0.sdk/usr/local/include -internal-isystem /Library/Developer/CommandLineTools/usr/lib/clang/14.0.0/include -internal-externc-isystem /Library/Developer/CommandLineTools/SDKs/MacOSX13.0.sdk/usr/include -internal-externc-isystem /Library/Developer/CommandLineTools/usr/include -Wno-reorder-init-list -Wno-implicit-int-float-conversion -Wno-c99-designator -Wno-final-dtor-non-final-class -Wno-extra-semi-stmt -Wno-misleading-indentation -Wno-quoted-include-in-framework-header -Wno-implicit-fallthrough -Wno-enum-enum-conversion -Wno-enum-float-conversion -Wno-elaborated-enum-base -Wno-reserved-identifier -Wno-gnu-folding-constant -Wno-cast-function-type -Wno-bitwise-instead-of-logical -fdebug-compilation-dir=/Users/woosubkim/Documents/workspace/foldseek/cmake-build-debug/CMakeFiles/CMakeTmp -ferror-limit 19 -stack-protector 1 -fstack-check -mdarwin-stkchk-strong-link -fblocks -fencode-extended-block-signature -fregister-global-dtors-with-atexit -fgnuc-version=4.2.1 -fmax-type-align=16 -fcommon -fopenmp -clang-vendor-feature=+messageToSelfInClassMethodIdReturnType -clang-vendor-feature=+disableInferNewAvailabilityFromInit -clang-vendor-feature=+disableNonDependentMemberExprInCurrentInstantiation -fno-odr-hash-protocols -clang-vendor-feature=+enableAggressiveVLAFolding -clang-vendor-feature=+revert09abecef7bbf -clang-vendor-feature=+thisNoAlignAttr -clang-vendor-feature=+thisNoNullAttr -mllvm -disable-aligned-alloc-awareness=1 -D__GCC_HAVE_DWARF2_CFI_ASM=1 -o CMakeFiles/cmTC_824da.dir/OpenMPTryFlag.c.o -x c /Users/woosubkim/Documents/workspace/foldseek/cmake-build-debug/CMakeFiles/FindOpenMP/OpenMPTryFlag.c
clang -cc1 version 14.0.0 (clang-1400.0.29.202) default target x86_64-apple-darwin22.1.0
ignoring nonexistent directory "/Library/Developer/CommandLineTools/SDKs/MacOSX13.0.sdk/usr/local/include"
ignoring nonexistent directory "/Library/Developer/CommandLineTools/SDKs/MacOSX13.0.sdk/Library/Frameworks"
#include "..." search starts here:
#include <...> search starts here:
 /Library/Developer/CommandLineTools/usr/lib/clang/14.0.0/include
 /Library/Developer/CommandLineTools/SDKs/MacOSX13.0.sdk/usr/include
 /Library/Developer/CommandLineTools/usr/include
 /Library/Developer/CommandLineTools/SDKs/MacOSX13.0.sdk/System/Library/Frameworks (framework directory)
End of search list.
/Users/woosubkim/Documents/workspace/foldseek/cmake-build-debug/CMakeFiles/FindOpenMP/OpenMPTryFlag.c:2:10: fatal error: 'omp.h' file not found
#include <omp.h>
         ^~~~~~~
1 error generated.
make[1]: *** [CMakeFiles/cmTC_824da.dir/OpenMPTryFlag.c.o] Error 1
make: *** [cmTC_824da/fast] Error 2



Detecting CXX OpenMP failed with the following output:
Change Dir: /Users/woosubkim/Documents/workspace/foldseek/cmake-build-debug/CMakeFiles/CMakeTmp

Run Build Command(s):/usr/bin/make -f Makefile cmTC_5fd2a/fast && /Library/Developer/CommandLineTools/usr/bin/make  -f CMakeFiles/cmTC_5fd2a.dir/build.make CMakeFiles/cmTC_5fd2a.dir/build
Building CXX object CMakeFiles/cmTC_5fd2a.dir/OpenMPTryFlag.cpp.o
/Library/Developer/CommandLineTools/usr/bin/c++   -fopenmp=libomp -v -isysroot /Library/Developer/CommandLineTools/SDKs/MacOSX13.0.sdk -MD -MT CMakeFiles/cmTC_5fd2a.dir/OpenMPTryFlag.cpp.o -MF CMakeFiles/cmTC_5fd2a.dir/OpenMPTryFlag.cpp.o.d -o CMakeFiles/cmTC_5fd2a.dir/OpenMPTryFlag.cpp.o -c /Users/woosubkim/Documents/workspace/foldseek/cmake-build-debug/CMakeFiles/FindOpenMP/OpenMPTryFlag.cpp
Apple clang version 14.0.0 (clang-1400.0.29.202)
Target: x86_64-apple-darwin22.1.0
Thread model: posix
InstalledDir: /Library/Developer/CommandLineTools/usr/bin
clang: error: unsupported argument 'libomp' to option 'fopenmp='
make[1]: *** [CMakeFiles/cmTC_5fd2a.dir/OpenMPTryFlag.cpp.o] Error 1
make: *** [cmTC_5fd2a/fast] Error 2



Detecting CXX OpenMP failed with the following output:
Change Dir: /Users/woosubkim/Documents/workspace/foldseek/cmake-build-debug/CMakeFiles/CMakeTmp

Run Build Command(s):/usr/bin/make -f Makefile cmTC_0f707/fast && /Library/Developer/CommandLineTools/usr/bin/make  -f CMakeFiles/cmTC_0f707.dir/build.make CMakeFiles/cmTC_0f707.dir/build
Building CXX object CMakeFiles/cmTC_0f707.dir/OpenMPTryFlag.cpp.o
/Library/Developer/CommandLineTools/usr/bin/c++   -fopenmp=libiomp5 -v -isysroot /Library/Developer/CommandLineTools/SDKs/MacOSX13.0.sdk -MD -MT CMakeFiles/cmTC_0f707.dir/OpenMPTryFlag.cpp.o -MF CMakeFiles/cmTC_0f707.dir/OpenMPTryFlag.cpp.o.d -o CMakeFiles/cmTC_0f707.dir/OpenMPTryFlag.cpp.o -c /Users/woosubkim/Documents/workspace/foldseek/cmake-build-debug/CMakeFiles/FindOpenMP/OpenMPTryFlag.cpp
Apple clang version 14.0.0 (clang-1400.0.29.202)
Target: x86_64-apple-darwin22.1.0
Thread model: posix
InstalledDir: /Library/Developer/CommandLineTools/usr/bin
clang: error: unsupported argument 'libiomp5' to option 'fopenmp='
make[1]: *** [CMakeFiles/cmTC_0f707.dir/OpenMPTryFlag.cpp.o] Error 1
make: *** [cmTC_0f707/fast] Error 2



Detecting CXX OpenMP failed with the following output:
Change Dir: /Users/woosubkim/Documents/workspace/foldseek/cmake-build-debug/CMakeFiles/CMakeTmp

Run Build Command(s):/usr/bin/make -f Makefile cmTC_e83f2/fast && /Library/Developer/CommandLineTools/usr/bin/make  -f CMakeFiles/cmTC_e83f2.dir/build.make CMakeFiles/cmTC_e83f2.dir/build
Building CXX object CMakeFiles/cmTC_e83f2.dir/OpenMPTryFlag.cpp.o
/Library/Developer/CommandLineTools/usr/bin/c++   -fopenmp -v -isysroot /Library/Developer/CommandLineTools/SDKs/MacOSX13.0.sdk -MD -MT CMakeFiles/cmTC_e83f2.dir/OpenMPTryFlag.cpp.o -MF CMakeFiles/cmTC_e83f2.dir/OpenMPTryFlag.cpp.o.d -o CMakeFiles/cmTC_e83f2.dir/OpenMPTryFlag.cpp.o -c /Users/woosubkim/Documents/workspace/foldseek/cmake-build-debug/CMakeFiles/FindOpenMP/OpenMPTryFlag.cpp
Apple clang version 14.0.0 (clang-1400.0.29.202)
Target: x86_64-apple-darwin22.1.0
Thread model: posix
InstalledDir: /Library/Developer/CommandLineTools/usr/bin
clang: error: unsupported option '-fopenmp'
make[1]: *** [CMakeFiles/cmTC_e83f2.dir/OpenMPTryFlag.cpp.o] Error 1
make: *** [cmTC_e83f2/fast] Error 2



Detecting CXX OpenMP failed with the following output:
Change Dir: /Users/woosubkim/Documents/workspace/foldseek/cmake-build-debug/CMakeFiles/CMakeTmp

Run Build Command(s):/usr/bin/make -f Makefile cmTC_62a16/fast && /Library/Developer/CommandLineTools/usr/bin/make  -f CMakeFiles/cmTC_62a16.dir/build.make CMakeFiles/cmTC_62a16.dir/build
Building CXX object CMakeFiles/cmTC_62a16.dir/OpenMPTryFlag.cpp.o
/Library/Developer/CommandLineTools/usr/bin/c++   -Xclang -fopenmp -v -isysroot /Library/Developer/CommandLineTools/SDKs/MacOSX13.0.sdk -MD -MT CMakeFiles/cmTC_62a16.dir/OpenMPTryFlag.cpp.o -MF CMakeFiles/cmTC_62a16.dir/OpenMPTryFlag.cpp.o.d -o CMakeFiles/cmTC_62a16.dir/OpenMPTryFlag.cpp.o -c /Users/woosubkim/Documents/workspace/foldseek/cmake-build-debug/CMakeFiles/FindOpenMP/OpenMPTryFlag.cpp
Apple clang version 14.0.0 (clang-1400.0.29.202)
Target: x86_64-apple-darwin22.1.0
Thread model: posix
InstalledDir: /Library/Developer/CommandLineTools/usr/bin
 "/Library/Developer/CommandLineTools/usr/bin/clang" -cc1 -triple x86_64-apple-macosx13.0.0 -Wundef-prefix=TARGET_OS_ -Wdeprecated-objc-isa-usage -Werror=deprecated-objc-isa-usage -Werror=implicit-function-declaration -emit-obj -mrelax-all --mrelax-relocations -disable-free -clear-ast-before-backend -disable-llvm-verifier -discard-value-names -main-file-name OpenMPTryFlag.cpp -mrelocation-model pic -pic-level 2 -mframe-pointer=all -fno-strict-return -fno-rounding-math -funwind-tables=2 -target-sdk-version=13.0 -fvisibility-inlines-hidden-static-local-var -target-cpu penryn -tune-cpu generic -debugger-tuning=lldb -target-linker-version 820.1 -v -resource-dir /Library/Developer/CommandLineTools/usr/lib/clang/14.0.0 -dependency-file CMakeFiles/cmTC_62a16.dir/OpenMPTryFlag.cpp.o.d -skip-unused-modulemap-deps -MT CMakeFiles/cmTC_62a16.dir/OpenMPTryFlag.cpp.o -sys-header-deps -isysroot /Library/Developer/CommandLineTools/SDKs/MacOSX13.0.sdk -stdlib=libc++ -internal-isystem /Library/Developer/CommandLineTools/SDKs/MacOSX13.0.sdk/usr/include/c++/v1 -internal-isystem /Library/Developer/CommandLineTools/SDKs/MacOSX13.0.sdk/usr/local/include -internal-isystem /Library/Developer/CommandLineTools/usr/lib/clang/14.0.0/include -internal-externc-isystem /Library/Developer/CommandLineTools/SDKs/MacOSX13.0.sdk/usr/include -internal-externc-isystem /Library/Developer/CommandLineTools/usr/include -Wno-reorder-init-list -Wno-implicit-int-float-conversion -Wno-c99-designator -Wno-final-dtor-non-final-class -Wno-extra-semi-stmt -Wno-misleading-indentation -Wno-quoted-include-in-framework-header -Wno-implicit-fallthrough -Wno-enum-enum-conversion -Wno-enum-float-conversion -Wno-elaborated-enum-base -Wno-reserved-identifier -Wno-gnu-folding-constant -Wno-cast-function-type -Wno-bitwise-instead-of-logical -fdeprecated-macro -fdebug-compilation-dir=/Users/woosubkim/Documents/workspace/foldseek/cmake-build-debug/CMakeFiles/CMakeTmp -ferror-limit 19 -stack-protector 1 -fstack-check -mdarwin-stkchk-strong-link -fblocks -fencode-extended-block-signature -fregister-global-dtors-with-atexit -fgnuc-version=4.2.1 -fno-cxx-modules -fcxx-exceptions -fexceptions -fmax-type-align=16 -fcommon -fopenmp -clang-vendor-feature=+messageToSelfInClassMethodIdReturnType -clang-vendor-feature=+disableInferNewAvailabilityFromInit -clang-vendor-feature=+disableNonDependentMemberExprInCurrentInstantiation -fno-odr-hash-protocols -clang-vendor-feature=+enableAggressiveVLAFolding -clang-vendor-feature=+revert09abecef7bbf -clang-vendor-feature=+thisNoAlignAttr -clang-vendor-feature=+thisNoNullAttr -mllvm -disable-aligned-alloc-awareness=1 -D__GCC_HAVE_DWARF2_CFI_ASM=1 -o CMakeFiles/cmTC_62a16.dir/OpenMPTryFlag.cpp.o -x c++ /Users/woosubkim/Documents/workspace/foldseek/cmake-build-debug/CMakeFiles/FindOpenMP/OpenMPTryFlag.cpp
clang -cc1 version 14.0.0 (clang-1400.0.29.202) default target x86_64-apple-darwin22.1.0
ignoring nonexistent directory "/Library/Developer/CommandLineTools/SDKs/MacOSX13.0.sdk/usr/local/include"
ignoring nonexistent directory "/Library/Developer/CommandLineTools/SDKs/MacOSX13.0.sdk/Library/Frameworks"
#include "..." search starts here:
#include <...> search starts here:
 /Library/Developer/CommandLineTools/SDKs/MacOSX13.0.sdk/usr/include/c++/v1
 /Library/Developer/CommandLineTools/usr/lib/clang/14.0.0/include
 /Library/Developer/CommandLineTools/SDKs/MacOSX13.0.sdk/usr/include
 /Library/Developer/CommandLineTools/usr/include
 /Library/Developer/CommandLineTools/SDKs/MacOSX13.0.sdk/System/Library/Frameworks (framework directory)
End of search list.
/Users/woosubkim/Documents/workspace/foldseek/cmake-build-debug/CMakeFiles/FindOpenMP/OpenMPTryFlag.cpp:2:10: fatal error: 'omp.h' file not found
#include <omp.h>
         ^~~~~~~
1 error generated.
make[1]: *** [CMakeFiles/cmTC_62a16.dir/OpenMPTryFlag.cpp.o] Error 1
make: *** [cmTC_62a16/fast] Error 2



Detecting C OpenMP failed with the following output:
Change Dir: /Users/woosubkim/Documents/workspace/foldseek/cmake-build-debug/CMakeFiles/CMakeTmp

Run Build Command(s):/usr/bin/make -f Makefile cmTC_cf83b/fast && /Library/Developer/CommandLineTools/usr/bin/make  -f CMakeFiles/cmTC_cf83b.dir/build.make CMakeFiles/cmTC_cf83b.dir/build
Building C object CMakeFiles/cmTC_cf83b.dir/OpenMPTryFlag.c.o
/Library/Developer/CommandLineTools/usr/bin/cc   -fopenmp=libomp -v -isysroot /Library/Developer/CommandLineTools/SDKs/MacOSX13.0.sdk -MD -MT CMakeFiles/cmTC_cf83b.dir/OpenMPTryFlag.c.o -MF CMakeFiles/cmTC_cf83b.dir/OpenMPTryFlag.c.o.d -o CMakeFiles/cmTC_cf83b.dir/OpenMPTryFlag.c.o -c /Users/woosubkim/Documents/workspace/foldseek/cmake-build-debug/CMakeFiles/FindOpenMP/OpenMPTryFlag.c
Apple clang version 14.0.0 (clang-1400.0.29.202)
Target: x86_64-apple-darwin22.1.0
Thread model: posix
InstalledDir: /Library/Developer/CommandLineTools/usr/bin
clang: error: unsupported argument 'libomp' to option 'fopenmp='
make[1]: *** [CMakeFiles/cmTC_cf83b.dir/OpenMPTryFlag.c.o] Error 1
make: *** [cmTC_cf83b/fast] Error 2



Detecting C OpenMP failed with the following output:
Change Dir: /Users/woosubkim/Documents/workspace/foldseek/cmake-build-debug/CMakeFiles/CMakeTmp

Run Build Command(s):/usr/bin/make -f Makefile cmTC_88435/fast && /Library/Developer/CommandLineTools/usr/bin/make  -f CMakeFiles/cmTC_88435.dir/build.make CMakeFiles/cmTC_88435.dir/build
Building C object CMakeFiles/cmTC_88435.dir/OpenMPTryFlag.c.o
/Library/Developer/CommandLineTools/usr/bin/cc   -fopenmp=libiomp5 -v -isysroot /Library/Developer/CommandLineTools/SDKs/MacOSX13.0.sdk -MD -MT CMakeFiles/cmTC_88435.dir/OpenMPTryFlag.c.o -MF CMakeFiles/cmTC_88435.dir/OpenMPTryFlag.c.o.d -o CMakeFiles/cmTC_88435.dir/OpenMPTryFlag.c.o -c /Users/woosubkim/Documents/workspace/foldseek/cmake-build-debug/CMakeFiles/FindOpenMP/OpenMPTryFlag.c
Apple clang version 14.0.0 (clang-1400.0.29.202)
Target: x86_64-apple-darwin22.1.0
Thread model: posix
InstalledDir: /Library/Developer/CommandLineTools/usr/bin
clang: error: unsupported argument 'libiomp5' to option 'fopenmp='
make[1]: *** [CMakeFiles/cmTC_88435.dir/OpenMPTryFlag.c.o] Error 1
make: *** [cmTC_88435/fast] Error 2



Detecting C OpenMP failed with the following output:
Change Dir: /Users/woosubkim/Documents/workspace/foldseek/cmake-build-debug/CMakeFiles/CMakeTmp

Run Build Command(s):/usr/bin/make -f Makefile cmTC_01da0/fast && /Library/Developer/CommandLineTools/usr/bin/make  -f CMakeFiles/cmTC_01da0.dir/build.make CMakeFiles/cmTC_01da0.dir/build
Building C object CMakeFiles/cmTC_01da0.dir/OpenMPTryFlag.c.o
/Library/Developer/CommandLineTools/usr/bin/cc   -fopenmp -v -isysroot /Library/Developer/CommandLineTools/SDKs/MacOSX13.0.sdk -MD -MT CMakeFiles/cmTC_01da0.dir/OpenMPTryFlag.c.o -MF CMakeFiles/cmTC_01da0.dir/OpenMPTryFlag.c.o.d -o CMakeFiles/cmTC_01da0.dir/OpenMPTryFlag.c.o -c /Users/woosubkim/Documents/workspace/foldseek/cmake-build-debug/CMakeFiles/FindOpenMP/OpenMPTryFlag.c
Apple clang version 14.0.0 (clang-1400.0.29.202)
Target: x86_64-apple-darwin22.1.0
Thread model: posix
InstalledDir: /Library/Developer/CommandLineTools/usr/bin
clang: error: unsupported option '-fopenmp'
make[1]: *** [CMakeFiles/cmTC_01da0.dir/OpenMPTryFlag.c.o] Error 1
make: *** [cmTC_01da0/fast] Error 2



Detecting C OpenMP failed with the following output:
Change Dir: /Users/woosubkim/Documents/workspace/foldseek/cmake-build-debug/CMakeFiles/CMakeTmp

Run Build Command(s):/usr/bin/make -f Makefile cmTC_a785e/fast && /Library/Developer/CommandLineTools/usr/bin/make  -f CMakeFiles/cmTC_a785e.dir/build.make CMakeFiles/cmTC_a785e.dir/build
Building C object CMakeFiles/cmTC_a785e.dir/OpenMPTryFlag.c.o
/Library/Developer/CommandLineTools/usr/bin/cc   -Xclang -fopenmp -v -isysroot /Library/Developer/CommandLineTools/SDKs/MacOSX13.0.sdk -MD -MT CMakeFiles/cmTC_a785e.dir/OpenMPTryFlag.c.o -MF CMakeFiles/cmTC_a785e.dir/OpenMPTryFlag.c.o.d -o CMakeFiles/cmTC_a785e.dir/OpenMPTryFlag.c.o -c /Users/woosubkim/Documents/workspace/foldseek/cmake-build-debug/CMakeFiles/FindOpenMP/OpenMPTryFlag.c
Apple clang version 14.0.0 (clang-1400.0.29.202)
Target: x86_64-apple-darwin22.1.0
Thread model: posix
InstalledDir: /Library/Developer/CommandLineTools/usr/bin
 "/Library/Developer/CommandLineTools/usr/bin/clang" -cc1 -triple x86_64-apple-macosx13.0.0 -Wundef-prefix=TARGET_OS_ -Wdeprecated-objc-isa-usage -Werror=deprecated-objc-isa-usage -Werror=implicit-function-declaration -emit-obj -mrelax-all --mrelax-relocations -disable-free -clear-ast-before-backend -disable-llvm-verifier -discard-value-names -main-file-name OpenMPTryFlag.c -mrelocation-model pic -pic-level 2 -mframe-pointer=all -fno-strict-return -fno-rounding-math -funwind-tables=2 -target-sdk-version=13.0 -fvisibility-inlines-hidden-static-local-var -target-cpu penryn -tune-cpu generic -debugger-tuning=lldb -target-linker-version 820.1 -v -resource-dir /Library/Developer/CommandLineTools/usr/lib/clang/14.0.0 -dependency-file CMakeFiles/cmTC_a785e.dir/OpenMPTryFlag.c.o.d -skip-unused-modulemap-deps -MT CMakeFiles/cmTC_a785e.dir/OpenMPTryFlag.c.o -sys-header-deps -isysroot /Library/Developer/CommandLineTools/SDKs/MacOSX13.0.sdk -internal-isystem /Library/Developer/CommandLineTools/SDKs/MacOSX13.0.sdk/usr/local/include -internal-isystem /Library/Developer/CommandLineTools/usr/lib/clang/14.0.0/include -internal-externc-isystem /Library/Developer/CommandLineTools/SDKs/MacOSX13.0.sdk/usr/include -internal-externc-isystem /Library/Developer/CommandLineTools/usr/include -Wno-reorder-init-list -Wno-implicit-int-float-conversion -Wno-c99-designator -Wno-final-dtor-non-final-class -Wno-extra-semi-stmt -Wno-misleading-indentation -Wno-quoted-include-in-framework-header -Wno-implicit-fallthrough -Wno-enum-enum-conversion -Wno-enum-float-conversion -Wno-elaborated-enum-base -Wno-reserved-identifier -Wno-gnu-folding-constant -Wno-cast-function-type -Wno-bitwise-instead-of-logical -fdebug-compilation-dir=/Users/woosubkim/Documents/workspace/foldseek/cmake-build-debug/CMakeFiles/CMakeTmp -ferror-limit 19 -stack-protector 1 -fstack-check -mdarwin-stkchk-strong-link -fblocks -fencode-extended-block-signature -fregister-global-dtors-with-atexit -fgnuc-version=4.2.1 -fmax-type-align=16 -fcommon -fopenmp -clang-vendor-feature=+messageToSelfInClassMethodIdReturnType -clang-vendor-feature=+disableInferNewAvailabilityFromInit -clang-vendor-feature=+disableNonDependentMemberExprInCurrentInstantiation -fno-odr-hash-protocols -clang-vendor-feature=+enableAggressiveVLAFolding -clang-vendor-feature=+revert09abecef7bbf -clang-vendor-feature=+thisNoAlignAttr -clang-vendor-feature=+thisNoNullAttr -mllvm -disable-aligned-alloc-awareness=1 -D__GCC_HAVE_DWARF2_CFI_ASM=1 -o CMakeFiles/cmTC_a785e.dir/OpenMPTryFlag.c.o -x c /Users/woosubkim/Documents/workspace/foldseek/cmake-build-debug/CMakeFiles/FindOpenMP/OpenMPTryFlag.c
clang -cc1 version 14.0.0 (clang-1400.0.29.202) default target x86_64-apple-darwin22.1.0
ignoring nonexistent directory "/Library/Developer/CommandLineTools/SDKs/MacOSX13.0.sdk/usr/local/include"
ignoring nonexistent directory "/Library/Developer/CommandLineTools/SDKs/MacOSX13.0.sdk/Library/Frameworks"
#include "..." search starts here:
#include <...> search starts here:
 /Library/Developer/CommandLineTools/usr/lib/clang/14.0.0/include
 /Library/Developer/CommandLineTools/SDKs/MacOSX13.0.sdk/usr/include
 /Library/Developer/CommandLineTools/usr/include
 /Library/Developer/CommandLineTools/SDKs/MacOSX13.0.sdk/System/Library/Frameworks (framework directory)
End of search list.
/Users/woosubkim/Documents/workspace/foldseek/cmake-build-debug/CMakeFiles/FindOpenMP/OpenMPTryFlag.c:2:10: fatal error: 'omp.h' file not found
#include <omp.h>
         ^~~~~~~
1 error generated.
make[1]: *** [CMakeFiles/cmTC_a785e.dir/OpenMPTryFlag.c.o] Error 1
make: *** [cmTC_a785e/fast] Error 2



Detecting CXX OpenMP failed with the following output:
Change Dir: /Users/woosubkim/Documents/workspace/foldseek/cmake-build-debug/CMakeFiles/CMakeTmp

Run Build Command(s):/usr/bin/make -f Makefile cmTC_4e3f4/fast && /Library/Developer/CommandLineTools/usr/bin/make  -f CMakeFiles/cmTC_4e3f4.dir/build.make CMakeFiles/cmTC_4e3f4.dir/build
Building CXX object CMakeFiles/cmTC_4e3f4.dir/OpenMPTryFlag.cpp.o
/Library/Developer/CommandLineTools/usr/bin/c++   -fopenmp=libomp -v -isysroot /Library/Developer/CommandLineTools/SDKs/MacOSX13.0.sdk -MD -MT CMakeFiles/cmTC_4e3f4.dir/OpenMPTryFlag.cpp.o -MF CMakeFiles/cmTC_4e3f4.dir/OpenMPTryFlag.cpp.o.d -o CMakeFiles/cmTC_4e3f4.dir/OpenMPTryFlag.cpp.o -c /Users/woosubkim/Documents/workspace/foldseek/cmake-build-debug/CMakeFiles/FindOpenMP/OpenMPTryFlag.cpp
Apple clang version 14.0.0 (clang-1400.0.29.202)
Target: x86_64-apple-darwin22.1.0
Thread model: posix
InstalledDir: /Library/Developer/CommandLineTools/usr/bin
clang: error: unsupported argument 'libomp' to option 'fopenmp='
make[1]: *** [CMakeFiles/cmTC_4e3f4.dir/OpenMPTryFlag.cpp.o] Error 1
make: *** [cmTC_4e3f4/fast] Error 2



Detecting CXX OpenMP failed with the following output:
Change Dir: /Users/woosubkim/Documents/workspace/foldseek/cmake-build-debug/CMakeFiles/CMakeTmp

Run Build Command(s):/usr/bin/make -f Makefile cmTC_9fcf7/fast && /Library/Developer/CommandLineTools/usr/bin/make  -f CMakeFiles/cmTC_9fcf7.dir/build.make CMakeFiles/cmTC_9fcf7.dir/build
Building CXX object CMakeFiles/cmTC_9fcf7.dir/OpenMPTryFlag.cpp.o
/Library/Developer/CommandLineTools/usr/bin/c++   -fopenmp=libiomp5 -v -isysroot /Library/Developer/CommandLineTools/SDKs/MacOSX13.0.sdk -MD -MT CMakeFiles/cmTC_9fcf7.dir/OpenMPTryFlag.cpp.o -MF CMakeFiles/cmTC_9fcf7.dir/OpenMPTryFlag.cpp.o.d -o CMakeFiles/cmTC_9fcf7.dir/OpenMPTryFlag.cpp.o -c /Users/woosubkim/Documents/workspace/foldseek/cmake-build-debug/CMakeFiles/FindOpenMP/OpenMPTryFlag.cpp
Apple clang version 14.0.0 (clang-1400.0.29.202)
Target: x86_64-apple-darwin22.1.0
Thread model: posix
InstalledDir: /Library/Developer/CommandLineTools/usr/bin
clang: error: unsupported argument 'libiomp5' to option 'fopenmp='
make[1]: *** [CMakeFiles/cmTC_9fcf7.dir/OpenMPTryFlag.cpp.o] Error 1
make: *** [cmTC_9fcf7/fast] Error 2



Detecting CXX OpenMP failed with the following output:
Change Dir: /Users/woosubkim/Documents/workspace/foldseek/cmake-build-debug/CMakeFiles/CMakeTmp

Run Build Command(s):/usr/bin/make -f Makefile cmTC_16a5a/fast && /Library/Developer/CommandLineTools/usr/bin/make  -f CMakeFiles/cmTC_16a5a.dir/build.make CMakeFiles/cmTC_16a5a.dir/build
Building CXX object CMakeFiles/cmTC_16a5a.dir/OpenMPTryFlag.cpp.o
/Library/Developer/CommandLineTools/usr/bin/c++   -fopenmp -v -isysroot /Library/Developer/CommandLineTools/SDKs/MacOSX13.0.sdk -MD -MT CMakeFiles/cmTC_16a5a.dir/OpenMPTryFlag.cpp.o -MF CMakeFiles/cmTC_16a5a.dir/OpenMPTryFlag.cpp.o.d -o CMakeFiles/cmTC_16a5a.dir/OpenMPTryFlag.cpp.o -c /Users/woosubkim/Documents/workspace/foldseek/cmake-build-debug/CMakeFiles/FindOpenMP/OpenMPTryFlag.cpp
Apple clang version 14.0.0 (clang-1400.0.29.202)
Target: x86_64-apple-darwin22.1.0
Thread model: posix
InstalledDir: /Library/Developer/CommandLineTools/usr/bin
clang: error: unsupported option '-fopenmp'
make[1]: *** [CMakeFiles/cmTC_16a5a.dir/OpenMPTryFlag.cpp.o] Error 1
make: *** [cmTC_16a5a/fast] Error 2



Detecting CXX OpenMP failed with the following output:
Change Dir: /Users/woosubkim/Documents/workspace/foldseek/cmake-build-debug/CMakeFiles/CMakeTmp

Run Build Command(s):/usr/bin/make -f Makefile cmTC_41e17/fast && /Library/Developer/CommandLineTools/usr/bin/make  -f CMakeFiles/cmTC_41e17.dir/build.make CMakeFiles/cmTC_41e17.dir/build
Building CXX object CMakeFiles/cmTC_41e17.dir/OpenMPTryFlag.cpp.o
/Library/Developer/CommandLineTools/usr/bin/c++   -Xclang -fopenmp -v -isysroot /Library/Developer/CommandLineTools/SDKs/MacOSX13.0.sdk -MD -MT CMakeFiles/cmTC_41e17.dir/OpenMPTryFlag.cpp.o -MF CMakeFiles/cmTC_41e17.dir/OpenMPTryFlag.cpp.o.d -o CMakeFiles/cmTC_41e17.dir/OpenMPTryFlag.cpp.o -c /Users/woosubkim/Documents/workspace/foldseek/cmake-build-debug/CMakeFiles/FindOpenMP/OpenMPTryFlag.cpp
Apple clang version 14.0.0 (clang-1400.0.29.202)
Target: x86_64-apple-darwin22.1.0
Thread model: posix
InstalledDir: /Library/Developer/CommandLineTools/usr/bin
 "/Library/Developer/CommandLineTools/usr/bin/clang" -cc1 -triple x86_64-apple-macosx13.0.0 -Wundef-prefix=TARGET_OS_ -Wdeprecated-objc-isa-usage -Werror=deprecated-objc-isa-usage -Werror=implicit-function-declaration -emit-obj -mrelax-all --mrelax-relocations -disable-free -clear-ast-before-backend -disable-llvm-verifier -discard-value-names -main-file-name OpenMPTryFlag.cpp -mrelocation-model pic -pic-level 2 -mframe-pointer=all -fno-strict-return -fno-rounding-math -funwind-tables=2 -target-sdk-version=13.0 -fvisibility-inlines-hidden-static-local-var -target-cpu penryn -tune-cpu generic -debugger-tuning=lldb -target-linker-version 820.1 -v -resource-dir /Library/Developer/CommandLineTools/usr/lib/clang/14.0.0 -dependency-file CMakeFiles/cmTC_41e17.dir/OpenMPTryFlag.cpp.o.d -skip-unused-modulemap-deps -MT CMakeFiles/cmTC_41e17.dir/OpenMPTryFlag.cpp.o -sys-header-deps -isysroot /Library/Developer/CommandLineTools/SDKs/MacOSX13.0.sdk -stdlib=libc++ -internal-isystem /Library/Developer/CommandLineTools/SDKs/MacOSX13.0.sdk/usr/include/c++/v1 -internal-isystem /Library/Developer/CommandLineTools/SDKs/MacOSX13.0.sdk/usr/local/include -internal-isystem /Library/Developer/CommandLineTools/usr/lib/clang/14.0.0/include -internal-externc-isystem /Library/Developer/CommandLineTools/SDKs/MacOSX13.0.sdk/usr/include -internal-externc-isystem /Library/Developer/CommandLineTools/usr/include -Wno-reorder-init-list -Wno-implicit-int-float-conversion -Wno-c99-designator -Wno-final-dtor-non-final-class -Wno-extra-semi-stmt -Wno-misleading-indentation -Wno-quoted-include-in-framework-header -Wno-implicit-fallthrough -Wno-enum-enum-conversion -Wno-enum-float-conversion -Wno-elaborated-enum-base -Wno-reserved-identifier -Wno-gnu-folding-constant -Wno-cast-function-type -Wno-bitwise-instead-of-logical -fdeprecated-macro -fdebug-compilation-dir=/Users/woosubkim/Documents/workspace/foldseek/cmake-build-debug/CMakeFiles/CMakeTmp -ferror-limit 19 -stack-protector 1 -fstack-check -mdarwin-stkchk-strong-link -fblocks -fencode-extended-block-signature -fregister-global-dtors-with-atexit -fgnuc-version=4.2.1 -fno-cxx-modules -fcxx-exceptions -fexceptions -fmax-type-align=16 -fcommon -fopenmp -clang-vendor-feature=+messageToSelfInClassMethodIdReturnType -clang-vendor-feature=+disableInferNewAvailabilityFromInit -clang-vendor-feature=+disableNonDependentMemberExprInCurrentInstantiation -fno-odr-hash-protocols -clang-vendor-feature=+enableAggressiveVLAFolding -clang-vendor-feature=+revert09abecef7bbf -clang-vendor-feature=+thisNoAlignAttr -clang-vendor-feature=+thisNoNullAttr -mllvm -disable-aligned-alloc-awareness=1 -D__GCC_HAVE_DWARF2_CFI_ASM=1 -o CMakeFiles/cmTC_41e17.dir/OpenMPTryFlag.cpp.o -x c++ /Users/woosubkim/Documents/workspace/foldseek/cmake-build-debug/CMakeFiles/FindOpenMP/OpenMPTryFlag.cpp
clang -cc1 version 14.0.0 (clang-1400.0.29.202) default target x86_64-apple-darwin22.1.0
ignoring nonexistent directory "/Library/Developer/CommandLineTools/SDKs/MacOSX13.0.sdk/usr/local/include"
ignoring nonexistent directory "/Library/Developer/CommandLineTools/SDKs/MacOSX13.0.sdk/Library/Frameworks"
#include "..." search starts here:
#include <...> search starts here:
 /Library/Developer/CommandLineTools/SDKs/MacOSX13.0.sdk/usr/include/c++/v1
 /Library/Developer/CommandLineTools/usr/lib/clang/14.0.0/include
 /Library/Developer/CommandLineTools/SDKs/MacOSX13.0.sdk/usr/include
 /Library/Developer/CommandLineTools/usr/include
 /Library/Developer/CommandLineTools/SDKs/MacOSX13.0.sdk/System/Library/Frameworks (framework directory)
End of search list.
/Users/woosubkim/Documents/workspace/foldseek/cmake-build-debug/CMakeFiles/FindOpenMP/OpenMPTryFlag.cpp:2:10: fatal error: 'omp.h' file not found
#include <omp.h>
         ^~~~~~~
1 error generated.
make[1]: *** [CMakeFiles/cmTC_41e17.dir/OpenMPTryFlag.cpp.o] Error 1
make: *** [cmTC_41e17/fast] Error 2



