Compiling the C compiler identification source file "CMakeCCompilerId.c" failed.
Compiler: /Library/Developer/CommandLineTools/usr/bin/cc 
Build flags: 
Id flags:  

The output was:
1
ld: library not found for -lSystem
clang: error: linker command failed with exit code 1 (use -v to see invocation)


Compiling the CXX compiler identification source file "CMakeCXXCompilerId.cpp" failed.
Compiler: /Library/Developer/CommandLineTools/usr/bin/c++ 
Build flags: 
Id flags:  

The output was:
1
ld: library not found for -lc++
clang: error: linker command failed with exit code 1 (use -v to see invocation)


Performing C++ SOURCE FILE Test HAVE_POSIX_FADVISE failed with the following output:
Change Dir: /Users/woosubkim/Documents/workspace/foldseek/cmake-build-release/CMakeFiles/CMakeTmp

Run Build Command(s):/usr/bin/make -f Makefile cmTC_68526/fast && /Library/Developer/CommandLineTools/usr/bin/make  -f CMakeFiles/cmTC_68526.dir/build.make CMakeFiles/cmTC_68526.dir/build
Building CXX object CMakeFiles/cmTC_68526.dir/src.cxx.o
/Library/Developer/CommandLineTools/usr/bin/c++ -DHAVE_POSIX_FADVISE  -isysroot /Library/Developer/CommandLineTools/SDKs/MacOSX13.0.sdk -MD -MT CMakeFiles/cmTC_68526.dir/src.cxx.o -MF CMakeFiles/cmTC_68526.dir/src.cxx.o.d -o CMakeFiles/cmTC_68526.dir/src.cxx.o -c /Users/woosubkim/Documents/workspace/foldseek/cmake-build-release/CMakeFiles/CMakeTmp/src.cxx
/Users/woosubkim/Documents/workspace/foldseek/cmake-build-release/CMakeFiles/CMakeTmp/src.cxx:9:54: error: use of undeclared identifier 'POSIX_FADV_SEQUENTIAL'
          int test = posix_fadvise(input_desc, 0, 0, POSIX_FADV_SEQUENTIAL);
                                                     ^
1 error generated.
make[1]: *** [CMakeFiles/cmTC_68526.dir/src.cxx.o] Error 1
make: *** [cmTC_68526/fast] Error 2


Source file was:

        #include <stdlib.h>
        #include <fcntl.h>
        #include <stdio.h>

        int main() {
          FILE* tmpf = tmpfile();
          int input_desc = fileno(tmpf);
          int test = posix_fadvise(input_desc, 0, 0, POSIX_FADV_SEQUENTIAL);
          fclose(tmpf);
          return 0;
        }
Detecting C OpenMP failed with the following output:
Change Dir: /Users/woosubkim/Documents/workspace/foldseek/cmake-build-release/CMakeFiles/CMakeTmp

Run Build Command(s):/usr/bin/make -f Makefile cmTC_f4f1d/fast && /Library/Developer/CommandLineTools/usr/bin/make  -f CMakeFiles/cmTC_f4f1d.dir/build.make CMakeFiles/cmTC_f4f1d.dir/build
Building C object CMakeFiles/cmTC_f4f1d.dir/OpenMPTryFlag.c.o
/Library/Developer/CommandLineTools/usr/bin/cc   -fopenmp=libomp -v -isysroot /Library/Developer/CommandLineTools/SDKs/MacOSX13.0.sdk -MD -MT CMakeFiles/cmTC_f4f1d.dir/OpenMPTryFlag.c.o -MF CMakeFiles/cmTC_f4f1d.dir/OpenMPTryFlag.c.o.d -o CMakeFiles/cmTC_f4f1d.dir/OpenMPTryFlag.c.o -c /Users/woosubkim/Documents/workspace/foldseek/cmake-build-release/CMakeFiles/FindOpenMP/OpenMPTryFlag.c
Apple clang version 14.0.0 (clang-1400.0.29.202)
Target: x86_64-apple-darwin22.1.0
Thread model: posix
InstalledDir: /Library/Developer/CommandLineTools/usr/bin
clang: error: unsupported argument 'libomp' to option 'fopenmp='
make[1]: *** [CMakeFiles/cmTC_f4f1d.dir/OpenMPTryFlag.c.o] Error 1
make: *** [cmTC_f4f1d/fast] Error 2



Detecting C OpenMP failed with the following output:
Change Dir: /Users/woosubkim/Documents/workspace/foldseek/cmake-build-release/CMakeFiles/CMakeTmp

Run Build Command(s):/usr/bin/make -f Makefile cmTC_86959/fast && /Library/Developer/CommandLineTools/usr/bin/make  -f CMakeFiles/cmTC_86959.dir/build.make CMakeFiles/cmTC_86959.dir/build
Building C object CMakeFiles/cmTC_86959.dir/OpenMPTryFlag.c.o
/Library/Developer/CommandLineTools/usr/bin/cc   -fopenmp=libiomp5 -v -isysroot /Library/Developer/CommandLineTools/SDKs/MacOSX13.0.sdk -MD -MT CMakeFiles/cmTC_86959.dir/OpenMPTryFlag.c.o -MF CMakeFiles/cmTC_86959.dir/OpenMPTryFlag.c.o.d -o CMakeFiles/cmTC_86959.dir/OpenMPTryFlag.c.o -c /Users/woosubkim/Documents/workspace/foldseek/cmake-build-release/CMakeFiles/FindOpenMP/OpenMPTryFlag.c
Apple clang version 14.0.0 (clang-1400.0.29.202)
Target: x86_64-apple-darwin22.1.0
Thread model: posix
InstalledDir: /Library/Developer/CommandLineTools/usr/bin
clang: error: unsupported argument 'libiomp5' to option 'fopenmp='
make[1]: *** [CMakeFiles/cmTC_86959.dir/OpenMPTryFlag.c.o] Error 1
make: *** [cmTC_86959/fast] Error 2



Detecting C OpenMP failed with the following output:
Change Dir: /Users/woosubkim/Documents/workspace/foldseek/cmake-build-release/CMakeFiles/CMakeTmp

Run Build Command(s):/usr/bin/make -f Makefile cmTC_1ea2d/fast && /Library/Developer/CommandLineTools/usr/bin/make  -f CMakeFiles/cmTC_1ea2d.dir/build.make CMakeFiles/cmTC_1ea2d.dir/build
Building C object CMakeFiles/cmTC_1ea2d.dir/OpenMPTryFlag.c.o
/Library/Developer/CommandLineTools/usr/bin/cc   -fopenmp -v -isysroot /Library/Developer/CommandLineTools/SDKs/MacOSX13.0.sdk -MD -MT CMakeFiles/cmTC_1ea2d.dir/OpenMPTryFlag.c.o -MF CMakeFiles/cmTC_1ea2d.dir/OpenMPTryFlag.c.o.d -o CMakeFiles/cmTC_1ea2d.dir/OpenMPTryFlag.c.o -c /Users/woosubkim/Documents/workspace/foldseek/cmake-build-release/CMakeFiles/FindOpenMP/OpenMPTryFlag.c
Apple clang version 14.0.0 (clang-1400.0.29.202)
Target: x86_64-apple-darwin22.1.0
Thread model: posix
InstalledDir: /Library/Developer/CommandLineTools/usr/bin
clang: error: unsupported option '-fopenmp'
make[1]: *** [CMakeFiles/cmTC_1ea2d.dir/OpenMPTryFlag.c.o] Error 1
make: *** [cmTC_1ea2d/fast] Error 2



Detecting C OpenMP failed with the following output:
Change Dir: /Users/woosubkim/Documents/workspace/foldseek/cmake-build-release/CMakeFiles/CMakeTmp

Run Build Command(s):/usr/bin/make -f Makefile cmTC_12ea8/fast && /Library/Developer/CommandLineTools/usr/bin/make  -f CMakeFiles/cmTC_12ea8.dir/build.make CMakeFiles/cmTC_12ea8.dir/build
Building C object CMakeFiles/cmTC_12ea8.dir/OpenMPTryFlag.c.o
/Library/Developer/CommandLineTools/usr/bin/cc   -Xclang -fopenmp -v -isysroot /Library/Developer/CommandLineTools/SDKs/MacOSX13.0.sdk -MD -MT CMakeFiles/cmTC_12ea8.dir/OpenMPTryFlag.c.o -MF CMakeFiles/cmTC_12ea8.dir/OpenMPTryFlag.c.o.d -o CMakeFiles/cmTC_12ea8.dir/OpenMPTryFlag.c.o -c /Users/woosubkim/Documents/workspace/foldseek/cmake-build-release/CMakeFiles/FindOpenMP/OpenMPTryFlag.c
Apple clang version 14.0.0 (clang-1400.0.29.202)
Target: x86_64-apple-darwin22.1.0
Thread model: posix
InstalledDir: /Library/Developer/CommandLineTools/usr/bin
 "/Library/Developer/CommandLineTools/usr/bin/clang" -cc1 -triple x86_64-apple-macosx13.0.0 -Wundef-prefix=TARGET_OS_ -Wdeprecated-objc-isa-usage -Werror=deprecated-objc-isa-usage -Werror=implicit-function-declaration -emit-obj -mrelax-all --mrelax-relocations -disable-free -clear-ast-before-backend -disable-llvm-verifier -discard-value-names -main-file-name OpenMPTryFlag.c -mrelocation-model pic -pic-level 2 -mframe-pointer=all -fno-strict-return -fno-rounding-math -funwind-tables=2 -target-sdk-version=13.0 -fvisibility-inlines-hidden-static-local-var -target-cpu penryn -tune-cpu generic -debugger-tuning=lldb -target-linker-version 820.1 -v -resource-dir /Library/Developer/CommandLineTools/usr/lib/clang/14.0.0 -dependency-file CMakeFiles/cmTC_12ea8.dir/OpenMPTryFlag.c.o.d -skip-unused-modulemap-deps -MT CMakeFiles/cmTC_12ea8.dir/OpenMPTryFlag.c.o -sys-header-deps -isysroot /Library/Developer/CommandLineTools/SDKs/MacOSX13.0.sdk -internal-isystem /Library/Developer/CommandLineTools/SDKs/MacOSX13.0.sdk/usr/local/include -internal-isystem /Library/Developer/CommandLineTools/usr/lib/clang/14.0.0/include -internal-externc-isystem /Library/Developer/CommandLineTools/SDKs/MacOSX13.0.sdk/usr/include -internal-externc-isystem /Library/Developer/CommandLineTools/usr/include -Wno-reorder-init-list -Wno-implicit-int-float-conversion -Wno-c99-designator -Wno-final-dtor-non-final-class -Wno-extra-semi-stmt -Wno-misleading-indentation -Wno-quoted-include-in-framework-header -Wno-implicit-fallthrough -Wno-enum-enum-conversion -Wno-enum-float-conversion -Wno-elaborated-enum-base -Wno-reserved-identifier -Wno-gnu-folding-constant -Wno-cast-function-type -Wno-bitwise-instead-of-logical -fdebug-compilation-dir=/Users/woosubkim/Documents/workspace/foldseek/cmake-build-release/CMakeFiles/CMakeTmp -ferror-limit 19 -stack-protector 1 -fstack-check -mdarwin-stkchk-strong-link -fblocks -fencode-extended-block-signature -fregister-global-dtors-with-atexit -fgnuc-version=4.2.1 -fmax-type-align=16 -fcommon -fopenmp -clang-vendor-feature=+messageToSelfInClassMethodIdReturnType -clang-vendor-feature=+disableInferNewAvailabilityFromInit -clang-vendor-feature=+disableNonDependentMemberExprInCurrentInstantiation -fno-odr-hash-protocols -clang-vendor-feature=+enableAggressiveVLAFolding -clang-vendor-feature=+revert09abecef7bbf -clang-vendor-feature=+thisNoAlignAttr -clang-vendor-feature=+thisNoNullAttr -mllvm -disable-aligned-alloc-awareness=1 -D__GCC_HAVE_DWARF2_CFI_ASM=1 -o CMakeFiles/cmTC_12ea8.dir/OpenMPTryFlag.c.o -x c /Users/woosubkim/Documents/workspace/foldseek/cmake-build-release/CMakeFiles/FindOpenMP/OpenMPTryFlag.c
clang -cc1 version 14.0.0 (clang-1400.0.29.202) default target x86_64-apple-darwin22.1.0
ignoring nonexistent directory "/Library/Developer/CommandLineTools/SDKs/MacOSX13.0.sdk/usr/local/include"
ignoring nonexistent directory "/Library/Developer/CommandLineTools/SDKs/MacOSX13.0.sdk/Library/Frameworks"
#include "..." search starts here:
#include <...> search starts here:
 /Library/Developer/CommandLineTools/usr/lib/clang/14.0.0/include
 /Library/Developer/CommandLineTools/SDKs/MacOSX13.0.sdk/usr/include
 /Library/Developer/CommandLineTools/usr/include
 /Library/Developer/CommandLineTools/SDKs/MacOSX13.0.sdk/System/Library/Frameworks (framework directory)
End of search list.
/Users/woosubkim/Documents/workspace/foldseek/cmake-build-release/CMakeFiles/FindOpenMP/OpenMPTryFlag.c:2:10: fatal error: 'omp.h' file not found
#include <omp.h>
         ^~~~~~~
1 error generated.
make[1]: *** [CMakeFiles/cmTC_12ea8.dir/OpenMPTryFlag.c.o] Error 1
make: *** [cmTC_12ea8/fast] Error 2



Detecting CXX OpenMP failed with the following output:
Change Dir: /Users/woosubkim/Documents/workspace/foldseek/cmake-build-release/CMakeFiles/CMakeTmp

Run Build Command(s):/usr/bin/make -f Makefile cmTC_e0fce/fast && /Library/Developer/CommandLineTools/usr/bin/make  -f CMakeFiles/cmTC_e0fce.dir/build.make CMakeFiles/cmTC_e0fce.dir/build
Building CXX object CMakeFiles/cmTC_e0fce.dir/OpenMPTryFlag.cpp.o
/Library/Developer/CommandLineTools/usr/bin/c++   -fopenmp=libomp -v -isysroot /Library/Developer/CommandLineTools/SDKs/MacOSX13.0.sdk -MD -MT CMakeFiles/cmTC_e0fce.dir/OpenMPTryFlag.cpp.o -MF CMakeFiles/cmTC_e0fce.dir/OpenMPTryFlag.cpp.o.d -o CMakeFiles/cmTC_e0fce.dir/OpenMPTryFlag.cpp.o -c /Users/woosubkim/Documents/workspace/foldseek/cmake-build-release/CMakeFiles/FindOpenMP/OpenMPTryFlag.cpp
Apple clang version 14.0.0 (clang-1400.0.29.202)
Target: x86_64-apple-darwin22.1.0
Thread model: posix
InstalledDir: /Library/Developer/CommandLineTools/usr/bin
clang: error: unsupported argument 'libomp' to option 'fopenmp='
make[1]: *** [CMakeFiles/cmTC_e0fce.dir/OpenMPTryFlag.cpp.o] Error 1
make: *** [cmTC_e0fce/fast] Error 2



Detecting CXX OpenMP failed with the following output:
Change Dir: /Users/woosubkim/Documents/workspace/foldseek/cmake-build-release/CMakeFiles/CMakeTmp

Run Build Command(s):/usr/bin/make -f Makefile cmTC_f7138/fast && /Library/Developer/CommandLineTools/usr/bin/make  -f CMakeFiles/cmTC_f7138.dir/build.make CMakeFiles/cmTC_f7138.dir/build
Building CXX object CMakeFiles/cmTC_f7138.dir/OpenMPTryFlag.cpp.o
/Library/Developer/CommandLineTools/usr/bin/c++   -fopenmp=libiomp5 -v -isysroot /Library/Developer/CommandLineTools/SDKs/MacOSX13.0.sdk -MD -MT CMakeFiles/cmTC_f7138.dir/OpenMPTryFlag.cpp.o -MF CMakeFiles/cmTC_f7138.dir/OpenMPTryFlag.cpp.o.d -o CMakeFiles/cmTC_f7138.dir/OpenMPTryFlag.cpp.o -c /Users/woosubkim/Documents/workspace/foldseek/cmake-build-release/CMakeFiles/FindOpenMP/OpenMPTryFlag.cpp
Apple clang version 14.0.0 (clang-1400.0.29.202)
Target: x86_64-apple-darwin22.1.0
Thread model: posix
InstalledDir: /Library/Developer/CommandLineTools/usr/bin
clang: error: unsupported argument 'libiomp5' to option 'fopenmp='
make[1]: *** [CMakeFiles/cmTC_f7138.dir/OpenMPTryFlag.cpp.o] Error 1
make: *** [cmTC_f7138/fast] Error 2



Detecting CXX OpenMP failed with the following output:
Change Dir: /Users/woosubkim/Documents/workspace/foldseek/cmake-build-release/CMakeFiles/CMakeTmp

Run Build Command(s):/usr/bin/make -f Makefile cmTC_4cff8/fast && /Library/Developer/CommandLineTools/usr/bin/make  -f CMakeFiles/cmTC_4cff8.dir/build.make CMakeFiles/cmTC_4cff8.dir/build
Building CXX object CMakeFiles/cmTC_4cff8.dir/OpenMPTryFlag.cpp.o
/Library/Developer/CommandLineTools/usr/bin/c++   -fopenmp -v -isysroot /Library/Developer/CommandLineTools/SDKs/MacOSX13.0.sdk -MD -MT CMakeFiles/cmTC_4cff8.dir/OpenMPTryFlag.cpp.o -MF CMakeFiles/cmTC_4cff8.dir/OpenMPTryFlag.cpp.o.d -o CMakeFiles/cmTC_4cff8.dir/OpenMPTryFlag.cpp.o -c /Users/woosubkim/Documents/workspace/foldseek/cmake-build-release/CMakeFiles/FindOpenMP/OpenMPTryFlag.cpp
Apple clang version 14.0.0 (clang-1400.0.29.202)
Target: x86_64-apple-darwin22.1.0
Thread model: posix
InstalledDir: /Library/Developer/CommandLineTools/usr/bin
clang: error: unsupported option '-fopenmp'
make[1]: *** [CMakeFiles/cmTC_4cff8.dir/OpenMPTryFlag.cpp.o] Error 1
make: *** [cmTC_4cff8/fast] Error 2



Detecting CXX OpenMP failed with the following output:
Change Dir: /Users/woosubkim/Documents/workspace/foldseek/cmake-build-release/CMakeFiles/CMakeTmp

Run Build Command(s):/usr/bin/make -f Makefile cmTC_59663/fast && /Library/Developer/CommandLineTools/usr/bin/make  -f CMakeFiles/cmTC_59663.dir/build.make CMakeFiles/cmTC_59663.dir/build
Building CXX object CMakeFiles/cmTC_59663.dir/OpenMPTryFlag.cpp.o
/Library/Developer/CommandLineTools/usr/bin/c++   -Xclang -fopenmp -v -isysroot /Library/Developer/CommandLineTools/SDKs/MacOSX13.0.sdk -MD -MT CMakeFiles/cmTC_59663.dir/OpenMPTryFlag.cpp.o -MF CMakeFiles/cmTC_59663.dir/OpenMPTryFlag.cpp.o.d -o CMakeFiles/cmTC_59663.dir/OpenMPTryFlag.cpp.o -c /Users/woosubkim/Documents/workspace/foldseek/cmake-build-release/CMakeFiles/FindOpenMP/OpenMPTryFlag.cpp
Apple clang version 14.0.0 (clang-1400.0.29.202)
Target: x86_64-apple-darwin22.1.0
Thread model: posix
InstalledDir: /Library/Developer/CommandLineTools/usr/bin
 "/Library/Developer/CommandLineTools/usr/bin/clang" -cc1 -triple x86_64-apple-macosx13.0.0 -Wundef-prefix=TARGET_OS_ -Wdeprecated-objc-isa-usage -Werror=deprecated-objc-isa-usage -Werror=implicit-function-declaration -emit-obj -mrelax-all --mrelax-relocations -disable-free -clear-ast-before-backend -disable-llvm-verifier -discard-value-names -main-file-name OpenMPTryFlag.cpp -mrelocation-model pic -pic-level 2 -mframe-pointer=all -fno-strict-return -fno-rounding-math -funwind-tables=2 -target-sdk-version=13.0 -fvisibility-inlines-hidden-static-local-var -target-cpu penryn -tune-cpu generic -debugger-tuning=lldb -target-linker-version 820.1 -v -resource-dir /Library/Developer/CommandLineTools/usr/lib/clang/14.0.0 -dependency-file CMakeFiles/cmTC_59663.dir/OpenMPTryFlag.cpp.o.d -skip-unused-modulemap-deps -MT CMakeFiles/cmTC_59663.dir/OpenMPTryFlag.cpp.o -sys-header-deps -isysroot /Library/Developer/CommandLineTools/SDKs/MacOSX13.0.sdk -stdlib=libc++ -internal-isystem /Library/Developer/CommandLineTools/SDKs/MacOSX13.0.sdk/usr/include/c++/v1 -internal-isystem /Library/Developer/CommandLineTools/SDKs/MacOSX13.0.sdk/usr/local/include -internal-isystem /Library/Developer/CommandLineTools/usr/lib/clang/14.0.0/include -internal-externc-isystem /Library/Developer/CommandLineTools/SDKs/MacOSX13.0.sdk/usr/include -internal-externc-isystem /Library/Developer/CommandLineTools/usr/include -Wno-reorder-init-list -Wno-implicit-int-float-conversion -Wno-c99-designator -Wno-final-dtor-non-final-class -Wno-extra-semi-stmt -Wno-misleading-indentation -Wno-quoted-include-in-framework-header -Wno-implicit-fallthrough -Wno-enum-enum-conversion -Wno-enum-float-conversion -Wno-elaborated-enum-base -Wno-reserved-identifier -Wno-gnu-folding-constant -Wno-cast-function-type -Wno-bitwise-instead-of-logical -fdeprecated-macro -fdebug-compilation-dir=/Users/woosubkim/Documents/workspace/foldseek/cmake-build-release/CMakeFiles/CMakeTmp -ferror-limit 19 -stack-protector 1 -fstack-check -mdarwin-stkchk-strong-link -fblocks -fencode-extended-block-signature -fregister-global-dtors-with-atexit -fgnuc-version=4.2.1 -fno-cxx-modules -fcxx-exceptions -fexceptions -fmax-type-align=16 -fcommon -fopenmp -clang-vendor-feature=+messageToSelfInClassMethodIdReturnType -clang-vendor-feature=+disableInferNewAvailabilityFromInit -clang-vendor-feature=+disableNonDependentMemberExprInCurrentInstantiation -fno-odr-hash-protocols -clang-vendor-feature=+enableAggressiveVLAFolding -clang-vendor-feature=+revert09abecef7bbf -clang-vendor-feature=+thisNoAlignAttr -clang-vendor-feature=+thisNoNullAttr -mllvm -disable-aligned-alloc-awareness=1 -D__GCC_HAVE_DWARF2_CFI_ASM=1 -o CMakeFiles/cmTC_59663.dir/OpenMPTryFlag.cpp.o -x c++ /Users/woosubkim/Documents/workspace/foldseek/cmake-build-release/CMakeFiles/FindOpenMP/OpenMPTryFlag.cpp
clang -cc1 version 14.0.0 (clang-1400.0.29.202) default target x86_64-apple-darwin22.1.0
ignoring nonexistent directory "/Library/Developer/CommandLineTools/SDKs/MacOSX13.0.sdk/usr/local/include"
ignoring nonexistent directory "/Library/Developer/CommandLineTools/SDKs/MacOSX13.0.sdk/Library/Frameworks"
#include "..." search starts here:
#include <...> search starts here:
 /Library/Developer/CommandLineTools/SDKs/MacOSX13.0.sdk/usr/include/c++/v1
 /Library/Developer/CommandLineTools/usr/lib/clang/14.0.0/include
 /Library/Developer/CommandLineTools/SDKs/MacOSX13.0.sdk/usr/include
 /Library/Developer/CommandLineTools/usr/include
 /Library/Developer/CommandLineTools/SDKs/MacOSX13.0.sdk/System/Library/Frameworks (framework directory)
End of search list.
/Users/woosubkim/Documents/workspace/foldseek/cmake-build-release/CMakeFiles/FindOpenMP/OpenMPTryFlag.cpp:2:10: fatal error: 'omp.h' file not found
#include <omp.h>
         ^~~~~~~
1 error generated.
make[1]: *** [CMakeFiles/cmTC_59663.dir/OpenMPTryFlag.cpp.o] Error 1
make: *** [cmTC_59663/fast] Error 2



Detecting C OpenMP failed with the following output:
Change Dir: /Users/woosubkim/Documents/workspace/foldseek/cmake-build-release/CMakeFiles/CMakeTmp

Run Build Command(s):/usr/bin/make -f Makefile cmTC_e3060/fast && /Library/Developer/CommandLineTools/usr/bin/make  -f CMakeFiles/cmTC_e3060.dir/build.make CMakeFiles/cmTC_e3060.dir/build
Building C object CMakeFiles/cmTC_e3060.dir/OpenMPTryFlag.c.o
/Library/Developer/CommandLineTools/usr/bin/cc   -fopenmp=libomp -v -isysroot /Library/Developer/CommandLineTools/SDKs/MacOSX13.0.sdk -MD -MT CMakeFiles/cmTC_e3060.dir/OpenMPTryFlag.c.o -MF CMakeFiles/cmTC_e3060.dir/OpenMPTryFlag.c.o.d -o CMakeFiles/cmTC_e3060.dir/OpenMPTryFlag.c.o -c /Users/woosubkim/Documents/workspace/foldseek/cmake-build-release/CMakeFiles/FindOpenMP/OpenMPTryFlag.c
Apple clang version 14.0.0 (clang-1400.0.29.202)
Target: x86_64-apple-darwin22.1.0
Thread model: posix
InstalledDir: /Library/Developer/CommandLineTools/usr/bin
clang: error: unsupported argument 'libomp' to option 'fopenmp='
make[1]: *** [CMakeFiles/cmTC_e3060.dir/OpenMPTryFlag.c.o] Error 1
make: *** [cmTC_e3060/fast] Error 2



Detecting C OpenMP failed with the following output:
Change Dir: /Users/woosubkim/Documents/workspace/foldseek/cmake-build-release/CMakeFiles/CMakeTmp

Run Build Command(s):/usr/bin/make -f Makefile cmTC_4334d/fast && /Library/Developer/CommandLineTools/usr/bin/make  -f CMakeFiles/cmTC_4334d.dir/build.make CMakeFiles/cmTC_4334d.dir/build
Building C object CMakeFiles/cmTC_4334d.dir/OpenMPTryFlag.c.o
/Library/Developer/CommandLineTools/usr/bin/cc   -fopenmp=libiomp5 -v -isysroot /Library/Developer/CommandLineTools/SDKs/MacOSX13.0.sdk -MD -MT CMakeFiles/cmTC_4334d.dir/OpenMPTryFlag.c.o -MF CMakeFiles/cmTC_4334d.dir/OpenMPTryFlag.c.o.d -o CMakeFiles/cmTC_4334d.dir/OpenMPTryFlag.c.o -c /Users/woosubkim/Documents/workspace/foldseek/cmake-build-release/CMakeFiles/FindOpenMP/OpenMPTryFlag.c
Apple clang version 14.0.0 (clang-1400.0.29.202)
Target: x86_64-apple-darwin22.1.0
Thread model: posix
InstalledDir: /Library/Developer/CommandLineTools/usr/bin
clang: error: unsupported argument 'libiomp5' to option 'fopenmp='
make[1]: *** [CMakeFiles/cmTC_4334d.dir/OpenMPTryFlag.c.o] Error 1
make: *** [cmTC_4334d/fast] Error 2



Detecting C OpenMP failed with the following output:
Change Dir: /Users/woosubkim/Documents/workspace/foldseek/cmake-build-release/CMakeFiles/CMakeTmp

Run Build Command(s):/usr/bin/make -f Makefile cmTC_7fb0b/fast && /Library/Developer/CommandLineTools/usr/bin/make  -f CMakeFiles/cmTC_7fb0b.dir/build.make CMakeFiles/cmTC_7fb0b.dir/build
Building C object CMakeFiles/cmTC_7fb0b.dir/OpenMPTryFlag.c.o
/Library/Developer/CommandLineTools/usr/bin/cc   -fopenmp -v -isysroot /Library/Developer/CommandLineTools/SDKs/MacOSX13.0.sdk -MD -MT CMakeFiles/cmTC_7fb0b.dir/OpenMPTryFlag.c.o -MF CMakeFiles/cmTC_7fb0b.dir/OpenMPTryFlag.c.o.d -o CMakeFiles/cmTC_7fb0b.dir/OpenMPTryFlag.c.o -c /Users/woosubkim/Documents/workspace/foldseek/cmake-build-release/CMakeFiles/FindOpenMP/OpenMPTryFlag.c
Apple clang version 14.0.0 (clang-1400.0.29.202)
Target: x86_64-apple-darwin22.1.0
Thread model: posix
InstalledDir: /Library/Developer/CommandLineTools/usr/bin
clang: error: unsupported option '-fopenmp'
make[1]: *** [CMakeFiles/cmTC_7fb0b.dir/OpenMPTryFlag.c.o] Error 1
make: *** [cmTC_7fb0b/fast] Error 2



Detecting C OpenMP failed with the following output:
Change Dir: /Users/woosubkim/Documents/workspace/foldseek/cmake-build-release/CMakeFiles/CMakeTmp

Run Build Command(s):/usr/bin/make -f Makefile cmTC_263fc/fast && /Library/Developer/CommandLineTools/usr/bin/make  -f CMakeFiles/cmTC_263fc.dir/build.make CMakeFiles/cmTC_263fc.dir/build
Building C object CMakeFiles/cmTC_263fc.dir/OpenMPTryFlag.c.o
/Library/Developer/CommandLineTools/usr/bin/cc   -Xclang -fopenmp -v -isysroot /Library/Developer/CommandLineTools/SDKs/MacOSX13.0.sdk -MD -MT CMakeFiles/cmTC_263fc.dir/OpenMPTryFlag.c.o -MF CMakeFiles/cmTC_263fc.dir/OpenMPTryFlag.c.o.d -o CMakeFiles/cmTC_263fc.dir/OpenMPTryFlag.c.o -c /Users/woosubkim/Documents/workspace/foldseek/cmake-build-release/CMakeFiles/FindOpenMP/OpenMPTryFlag.c
Apple clang version 14.0.0 (clang-1400.0.29.202)
Target: x86_64-apple-darwin22.1.0
Thread model: posix
InstalledDir: /Library/Developer/CommandLineTools/usr/bin
 "/Library/Developer/CommandLineTools/usr/bin/clang" -cc1 -triple x86_64-apple-macosx13.0.0 -Wundef-prefix=TARGET_OS_ -Wdeprecated-objc-isa-usage -Werror=deprecated-objc-isa-usage -Werror=implicit-function-declaration -emit-obj -mrelax-all --mrelax-relocations -disable-free -clear-ast-before-backend -disable-llvm-verifier -discard-value-names -main-file-name OpenMPTryFlag.c -mrelocation-model pic -pic-level 2 -mframe-pointer=all -fno-strict-return -fno-rounding-math -funwind-tables=2 -target-sdk-version=13.0 -fvisibility-inlines-hidden-static-local-var -target-cpu penryn -tune-cpu generic -debugger-tuning=lldb -target-linker-version 820.1 -v -resource-dir /Library/Developer/CommandLineTools/usr/lib/clang/14.0.0 -dependency-file CMakeFiles/cmTC_263fc.dir/OpenMPTryFlag.c.o.d -skip-unused-modulemap-deps -MT CMakeFiles/cmTC_263fc.dir/OpenMPTryFlag.c.o -sys-header-deps -isysroot /Library/Developer/CommandLineTools/SDKs/MacOSX13.0.sdk -internal-isystem /Library/Developer/CommandLineTools/SDKs/MacOSX13.0.sdk/usr/local/include -internal-isystem /Library/Developer/CommandLineTools/usr/lib/clang/14.0.0/include -internal-externc-isystem /Library/Developer/CommandLineTools/SDKs/MacOSX13.0.sdk/usr/include -internal-externc-isystem /Library/Developer/CommandLineTools/usr/include -Wno-reorder-init-list -Wno-implicit-int-float-conversion -Wno-c99-designator -Wno-final-dtor-non-final-class -Wno-extra-semi-stmt -Wno-misleading-indentation -Wno-quoted-include-in-framework-header -Wno-implicit-fallthrough -Wno-enum-enum-conversion -Wno-enum-float-conversion -Wno-elaborated-enum-base -Wno-reserved-identifier -Wno-gnu-folding-constant -Wno-cast-function-type -Wno-bitwise-instead-of-logical -fdebug-compilation-dir=/Users/woosubkim/Documents/workspace/foldseek/cmake-build-release/CMakeFiles/CMakeTmp -ferror-limit 19 -stack-protector 1 -fstack-check -mdarwin-stkchk-strong-link -fblocks -fencode-extended-block-signature -fregister-global-dtors-with-atexit -fgnuc-version=4.2.1 -fmax-type-align=16 -fcommon -fopenmp -clang-vendor-feature=+messageToSelfInClassMethodIdReturnType -clang-vendor-feature=+disableInferNewAvailabilityFromInit -clang-vendor-feature=+disableNonDependentMemberExprInCurrentInstantiation -fno-odr-hash-protocols -clang-vendor-feature=+enableAggressiveVLAFolding -clang-vendor-feature=+revert09abecef7bbf -clang-vendor-feature=+thisNoAlignAttr -clang-vendor-feature=+thisNoNullAttr -mllvm -disable-aligned-alloc-awareness=1 -D__GCC_HAVE_DWARF2_CFI_ASM=1 -o CMakeFiles/cmTC_263fc.dir/OpenMPTryFlag.c.o -x c /Users/woosubkim/Documents/workspace/foldseek/cmake-build-release/CMakeFiles/FindOpenMP/OpenMPTryFlag.c
clang -cc1 version 14.0.0 (clang-1400.0.29.202) default target x86_64-apple-darwin22.1.0
ignoring nonexistent directory "/Library/Developer/CommandLineTools/SDKs/MacOSX13.0.sdk/usr/local/include"
ignoring nonexistent directory "/Library/Developer/CommandLineTools/SDKs/MacOSX13.0.sdk/Library/Frameworks"
#include "..." search starts here:
#include <...> search starts here:
 /Library/Developer/CommandLineTools/usr/lib/clang/14.0.0/include
 /Library/Developer/CommandLineTools/SDKs/MacOSX13.0.sdk/usr/include
 /Library/Developer/CommandLineTools/usr/include
 /Library/Developer/CommandLineTools/SDKs/MacOSX13.0.sdk/System/Library/Frameworks (framework directory)
End of search list.
/Users/woosubkim/Documents/workspace/foldseek/cmake-build-release/CMakeFiles/FindOpenMP/OpenMPTryFlag.c:2:10: fatal error: 'omp.h' file not found
#include <omp.h>
         ^~~~~~~
1 error generated.
make[1]: *** [CMakeFiles/cmTC_263fc.dir/OpenMPTryFlag.c.o] Error 1
make: *** [cmTC_263fc/fast] Error 2



Detecting CXX OpenMP failed with the following output:
Change Dir: /Users/woosubkim/Documents/workspace/foldseek/cmake-build-release/CMakeFiles/CMakeTmp

Run Build Command(s):/usr/bin/make -f Makefile cmTC_63348/fast && /Library/Developer/CommandLineTools/usr/bin/make  -f CMakeFiles/cmTC_63348.dir/build.make CMakeFiles/cmTC_63348.dir/build
Building CXX object CMakeFiles/cmTC_63348.dir/OpenMPTryFlag.cpp.o
/Library/Developer/CommandLineTools/usr/bin/c++   -fopenmp=libomp -v -isysroot /Library/Developer/CommandLineTools/SDKs/MacOSX13.0.sdk -MD -MT CMakeFiles/cmTC_63348.dir/OpenMPTryFlag.cpp.o -MF CMakeFiles/cmTC_63348.dir/OpenMPTryFlag.cpp.o.d -o CMakeFiles/cmTC_63348.dir/OpenMPTryFlag.cpp.o -c /Users/woosubkim/Documents/workspace/foldseek/cmake-build-release/CMakeFiles/FindOpenMP/OpenMPTryFlag.cpp
Apple clang version 14.0.0 (clang-1400.0.29.202)
Target: x86_64-apple-darwin22.1.0
Thread model: posix
InstalledDir: /Library/Developer/CommandLineTools/usr/bin
clang: error: unsupported argument 'libomp' to option 'fopenmp='
make[1]: *** [CMakeFiles/cmTC_63348.dir/OpenMPTryFlag.cpp.o] Error 1
make: *** [cmTC_63348/fast] Error 2



Detecting CXX OpenMP failed with the following output:
Change Dir: /Users/woosubkim/Documents/workspace/foldseek/cmake-build-release/CMakeFiles/CMakeTmp

Run Build Command(s):/usr/bin/make -f Makefile cmTC_e03e5/fast && /Library/Developer/CommandLineTools/usr/bin/make  -f CMakeFiles/cmTC_e03e5.dir/build.make CMakeFiles/cmTC_e03e5.dir/build
Building CXX object CMakeFiles/cmTC_e03e5.dir/OpenMPTryFlag.cpp.o
/Library/Developer/CommandLineTools/usr/bin/c++   -fopenmp=libiomp5 -v -isysroot /Library/Developer/CommandLineTools/SDKs/MacOSX13.0.sdk -MD -MT CMakeFiles/cmTC_e03e5.dir/OpenMPTryFlag.cpp.o -MF CMakeFiles/cmTC_e03e5.dir/OpenMPTryFlag.cpp.o.d -o CMakeFiles/cmTC_e03e5.dir/OpenMPTryFlag.cpp.o -c /Users/woosubkim/Documents/workspace/foldseek/cmake-build-release/CMakeFiles/FindOpenMP/OpenMPTryFlag.cpp
Apple clang version 14.0.0 (clang-1400.0.29.202)
Target: x86_64-apple-darwin22.1.0
Thread model: posix
InstalledDir: /Library/Developer/CommandLineTools/usr/bin
clang: error: unsupported argument 'libiomp5' to option 'fopenmp='
make[1]: *** [CMakeFiles/cmTC_e03e5.dir/OpenMPTryFlag.cpp.o] Error 1
make: *** [cmTC_e03e5/fast] Error 2



Detecting CXX OpenMP failed with the following output:
Change Dir: /Users/woosubkim/Documents/workspace/foldseek/cmake-build-release/CMakeFiles/CMakeTmp

Run Build Command(s):/usr/bin/make -f Makefile cmTC_e06dc/fast && /Library/Developer/CommandLineTools/usr/bin/make  -f CMakeFiles/cmTC_e06dc.dir/build.make CMakeFiles/cmTC_e06dc.dir/build
Building CXX object CMakeFiles/cmTC_e06dc.dir/OpenMPTryFlag.cpp.o
/Library/Developer/CommandLineTools/usr/bin/c++   -fopenmp -v -isysroot /Library/Developer/CommandLineTools/SDKs/MacOSX13.0.sdk -MD -MT CMakeFiles/cmTC_e06dc.dir/OpenMPTryFlag.cpp.o -MF CMakeFiles/cmTC_e06dc.dir/OpenMPTryFlag.cpp.o.d -o CMakeFiles/cmTC_e06dc.dir/OpenMPTryFlag.cpp.o -c /Users/woosubkim/Documents/workspace/foldseek/cmake-build-release/CMakeFiles/FindOpenMP/OpenMPTryFlag.cpp
Apple clang version 14.0.0 (clang-1400.0.29.202)
Target: x86_64-apple-darwin22.1.0
Thread model: posix
InstalledDir: /Library/Developer/CommandLineTools/usr/bin
clang: error: unsupported option '-fopenmp'
make[1]: *** [CMakeFiles/cmTC_e06dc.dir/OpenMPTryFlag.cpp.o] Error 1
make: *** [cmTC_e06dc/fast] Error 2



Detecting CXX OpenMP failed with the following output:
Change Dir: /Users/woosubkim/Documents/workspace/foldseek/cmake-build-release/CMakeFiles/CMakeTmp

Run Build Command(s):/usr/bin/make -f Makefile cmTC_ae2d1/fast && /Library/Developer/CommandLineTools/usr/bin/make  -f CMakeFiles/cmTC_ae2d1.dir/build.make CMakeFiles/cmTC_ae2d1.dir/build
Building CXX object CMakeFiles/cmTC_ae2d1.dir/OpenMPTryFlag.cpp.o
/Library/Developer/CommandLineTools/usr/bin/c++   -Xclang -fopenmp -v -isysroot /Library/Developer/CommandLineTools/SDKs/MacOSX13.0.sdk -MD -MT CMakeFiles/cmTC_ae2d1.dir/OpenMPTryFlag.cpp.o -MF CMakeFiles/cmTC_ae2d1.dir/OpenMPTryFlag.cpp.o.d -o CMakeFiles/cmTC_ae2d1.dir/OpenMPTryFlag.cpp.o -c /Users/woosubkim/Documents/workspace/foldseek/cmake-build-release/CMakeFiles/FindOpenMP/OpenMPTryFlag.cpp
Apple clang version 14.0.0 (clang-1400.0.29.202)
Target: x86_64-apple-darwin22.1.0
Thread model: posix
InstalledDir: /Library/Developer/CommandLineTools/usr/bin
 "/Library/Developer/CommandLineTools/usr/bin/clang" -cc1 -triple x86_64-apple-macosx13.0.0 -Wundef-prefix=TARGET_OS_ -Wdeprecated-objc-isa-usage -Werror=deprecated-objc-isa-usage -Werror=implicit-function-declaration -emit-obj -mrelax-all --mrelax-relocations -disable-free -clear-ast-before-backend -disable-llvm-verifier -discard-value-names -main-file-name OpenMPTryFlag.cpp -mrelocation-model pic -pic-level 2 -mframe-pointer=all -fno-strict-return -fno-rounding-math -funwind-tables=2 -target-sdk-version=13.0 -fvisibility-inlines-hidden-static-local-var -target-cpu penryn -tune-cpu generic -debugger-tuning=lldb -target-linker-version 820.1 -v -resource-dir /Library/Developer/CommandLineTools/usr/lib/clang/14.0.0 -dependency-file CMakeFiles/cmTC_ae2d1.dir/OpenMPTryFlag.cpp.o.d -skip-unused-modulemap-deps -MT CMakeFiles/cmTC_ae2d1.dir/OpenMPTryFlag.cpp.o -sys-header-deps -isysroot /Library/Developer/CommandLineTools/SDKs/MacOSX13.0.sdk -stdlib=libc++ -internal-isystem /Library/Developer/CommandLineTools/SDKs/MacOSX13.0.sdk/usr/include/c++/v1 -internal-isystem /Library/Developer/CommandLineTools/SDKs/MacOSX13.0.sdk/usr/local/include -internal-isystem /Library/Developer/CommandLineTools/usr/lib/clang/14.0.0/include -internal-externc-isystem /Library/Developer/CommandLineTools/SDKs/MacOSX13.0.sdk/usr/include -internal-externc-isystem /Library/Developer/CommandLineTools/usr/include -Wno-reorder-init-list -Wno-implicit-int-float-conversion -Wno-c99-designator -Wno-final-dtor-non-final-class -Wno-extra-semi-stmt -Wno-misleading-indentation -Wno-quoted-include-in-framework-header -Wno-implicit-fallthrough -Wno-enum-enum-conversion -Wno-enum-float-conversion -Wno-elaborated-enum-base -Wno-reserved-identifier -Wno-gnu-folding-constant -Wno-cast-function-type -Wno-bitwise-instead-of-logical -fdeprecated-macro -fdebug-compilation-dir=/Users/woosubkim/Documents/workspace/foldseek/cmake-build-release/CMakeFiles/CMakeTmp -ferror-limit 19 -stack-protector 1 -fstack-check -mdarwin-stkchk-strong-link -fblocks -fencode-extended-block-signature -fregister-global-dtors-with-atexit -fgnuc-version=4.2.1 -fno-cxx-modules -fcxx-exceptions -fexceptions -fmax-type-align=16 -fcommon -fopenmp -clang-vendor-feature=+messageToSelfInClassMethodIdReturnType -clang-vendor-feature=+disableInferNewAvailabilityFromInit -clang-vendor-feature=+disableNonDependentMemberExprInCurrentInstantiation -fno-odr-hash-protocols -clang-vendor-feature=+enableAggressiveVLAFolding -clang-vendor-feature=+revert09abecef7bbf -clang-vendor-feature=+thisNoAlignAttr -clang-vendor-feature=+thisNoNullAttr -mllvm -disable-aligned-alloc-awareness=1 -D__GCC_HAVE_DWARF2_CFI_ASM=1 -o CMakeFiles/cmTC_ae2d1.dir/OpenMPTryFlag.cpp.o -x c++ /Users/woosubkim/Documents/workspace/foldseek/cmake-build-release/CMakeFiles/FindOpenMP/OpenMPTryFlag.cpp
clang -cc1 version 14.0.0 (clang-1400.0.29.202) default target x86_64-apple-darwin22.1.0
ignoring nonexistent directory "/Library/Developer/CommandLineTools/SDKs/MacOSX13.0.sdk/usr/local/include"
ignoring nonexistent directory "/Library/Developer/CommandLineTools/SDKs/MacOSX13.0.sdk/Library/Frameworks"
#include "..." search starts here:
#include <...> search starts here:
 /Library/Developer/CommandLineTools/SDKs/MacOSX13.0.sdk/usr/include/c++/v1
 /Library/Developer/CommandLineTools/usr/lib/clang/14.0.0/include
 /Library/Developer/CommandLineTools/SDKs/MacOSX13.0.sdk/usr/include
 /Library/Developer/CommandLineTools/usr/include
 /Library/Developer/CommandLineTools/SDKs/MacOSX13.0.sdk/System/Library/Frameworks (framework directory)
End of search list.
/Users/woosubkim/Documents/workspace/foldseek/cmake-build-release/CMakeFiles/FindOpenMP/OpenMPTryFlag.cpp:2:10: fatal error: 'omp.h' file not found
#include <omp.h>
         ^~~~~~~
1 error generated.
make[1]: *** [CMakeFiles/cmTC_ae2d1.dir/OpenMPTryFlag.cpp.o] Error 1
make: *** [cmTC_ae2d1/fast] Error 2



Detecting C OpenMP failed with the following output:
Change Dir: /Users/woosubkim/Documents/workspace/foldseek/cmake-build-release/CMakeFiles/CMakeTmp

Run Build Command(s):/usr/bin/make -f Makefile cmTC_b5abc/fast && /Library/Developer/CommandLineTools/usr/bin/make  -f CMakeFiles/cmTC_b5abc.dir/build.make CMakeFiles/cmTC_b5abc.dir/build
Building C object CMakeFiles/cmTC_b5abc.dir/OpenMPTryFlag.c.o
/Library/Developer/CommandLineTools/usr/bin/cc   -fopenmp=libomp -v -isysroot /Library/Developer/CommandLineTools/SDKs/MacOSX13.0.sdk -MD -MT CMakeFiles/cmTC_b5abc.dir/OpenMPTryFlag.c.o -MF CMakeFiles/cmTC_b5abc.dir/OpenMPTryFlag.c.o.d -o CMakeFiles/cmTC_b5abc.dir/OpenMPTryFlag.c.o -c /Users/woosubkim/Documents/workspace/foldseek/cmake-build-release/CMakeFiles/FindOpenMP/OpenMPTryFlag.c
Apple clang version 14.0.0 (clang-1400.0.29.202)
Target: x86_64-apple-darwin22.1.0
Thread model: posix
InstalledDir: /Library/Developer/CommandLineTools/usr/bin
clang: error: unsupported argument 'libomp' to option 'fopenmp='
make[1]: *** [CMakeFiles/cmTC_b5abc.dir/OpenMPTryFlag.c.o] Error 1
make: *** [cmTC_b5abc/fast] Error 2



Detecting C OpenMP failed with the following output:
Change Dir: /Users/woosubkim/Documents/workspace/foldseek/cmake-build-release/CMakeFiles/CMakeTmp

Run Build Command(s):/usr/bin/make -f Makefile cmTC_da54d/fast && /Library/Developer/CommandLineTools/usr/bin/make  -f CMakeFiles/cmTC_da54d.dir/build.make CMakeFiles/cmTC_da54d.dir/build
Building C object CMakeFiles/cmTC_da54d.dir/OpenMPTryFlag.c.o
/Library/Developer/CommandLineTools/usr/bin/cc   -fopenmp=libiomp5 -v -isysroot /Library/Developer/CommandLineTools/SDKs/MacOSX13.0.sdk -MD -MT CMakeFiles/cmTC_da54d.dir/OpenMPTryFlag.c.o -MF CMakeFiles/cmTC_da54d.dir/OpenMPTryFlag.c.o.d -o CMakeFiles/cmTC_da54d.dir/OpenMPTryFlag.c.o -c /Users/woosubkim/Documents/workspace/foldseek/cmake-build-release/CMakeFiles/FindOpenMP/OpenMPTryFlag.c
Apple clang version 14.0.0 (clang-1400.0.29.202)
Target: x86_64-apple-darwin22.1.0
Thread model: posix
InstalledDir: /Library/Developer/CommandLineTools/usr/bin
clang: error: unsupported argument 'libiomp5' to option 'fopenmp='
make[1]: *** [CMakeFiles/cmTC_da54d.dir/OpenMPTryFlag.c.o] Error 1
make: *** [cmTC_da54d/fast] Error 2



Detecting C OpenMP failed with the following output:
Change Dir: /Users/woosubkim/Documents/workspace/foldseek/cmake-build-release/CMakeFiles/CMakeTmp

Run Build Command(s):/usr/bin/make -f Makefile cmTC_0fe3a/fast && /Library/Developer/CommandLineTools/usr/bin/make  -f CMakeFiles/cmTC_0fe3a.dir/build.make CMakeFiles/cmTC_0fe3a.dir/build
Building C object CMakeFiles/cmTC_0fe3a.dir/OpenMPTryFlag.c.o
/Library/Developer/CommandLineTools/usr/bin/cc   -fopenmp -v -isysroot /Library/Developer/CommandLineTools/SDKs/MacOSX13.0.sdk -MD -MT CMakeFiles/cmTC_0fe3a.dir/OpenMPTryFlag.c.o -MF CMakeFiles/cmTC_0fe3a.dir/OpenMPTryFlag.c.o.d -o CMakeFiles/cmTC_0fe3a.dir/OpenMPTryFlag.c.o -c /Users/woosubkim/Documents/workspace/foldseek/cmake-build-release/CMakeFiles/FindOpenMP/OpenMPTryFlag.c
Apple clang version 14.0.0 (clang-1400.0.29.202)
Target: x86_64-apple-darwin22.1.0
Thread model: posix
InstalledDir: /Library/Developer/CommandLineTools/usr/bin
clang: error: unsupported option '-fopenmp'
make[1]: *** [CMakeFiles/cmTC_0fe3a.dir/OpenMPTryFlag.c.o] Error 1
make: *** [cmTC_0fe3a/fast] Error 2



Detecting C OpenMP failed with the following output:
Change Dir: /Users/woosubkim/Documents/workspace/foldseek/cmake-build-release/CMakeFiles/CMakeTmp

Run Build Command(s):/usr/bin/make -f Makefile cmTC_585b7/fast && /Library/Developer/CommandLineTools/usr/bin/make  -f CMakeFiles/cmTC_585b7.dir/build.make CMakeFiles/cmTC_585b7.dir/build
Building C object CMakeFiles/cmTC_585b7.dir/OpenMPTryFlag.c.o
/Library/Developer/CommandLineTools/usr/bin/cc   -Xclang -fopenmp -v -isysroot /Library/Developer/CommandLineTools/SDKs/MacOSX13.0.sdk -MD -MT CMakeFiles/cmTC_585b7.dir/OpenMPTryFlag.c.o -MF CMakeFiles/cmTC_585b7.dir/OpenMPTryFlag.c.o.d -o CMakeFiles/cmTC_585b7.dir/OpenMPTryFlag.c.o -c /Users/woosubkim/Documents/workspace/foldseek/cmake-build-release/CMakeFiles/FindOpenMP/OpenMPTryFlag.c
Apple clang version 14.0.0 (clang-1400.0.29.202)
Target: x86_64-apple-darwin22.1.0
Thread model: posix
InstalledDir: /Library/Developer/CommandLineTools/usr/bin
 "/Library/Developer/CommandLineTools/usr/bin/clang" -cc1 -triple x86_64-apple-macosx13.0.0 -Wundef-prefix=TARGET_OS_ -Wdeprecated-objc-isa-usage -Werror=deprecated-objc-isa-usage -Werror=implicit-function-declaration -emit-obj -mrelax-all --mrelax-relocations -disable-free -clear-ast-before-backend -disable-llvm-verifier -discard-value-names -main-file-name OpenMPTryFlag.c -mrelocation-model pic -pic-level 2 -mframe-pointer=all -fno-strict-return -fno-rounding-math -funwind-tables=2 -target-sdk-version=13.0 -fvisibility-inlines-hidden-static-local-var -target-cpu penryn -tune-cpu generic -debugger-tuning=lldb -target-linker-version 820.1 -v -resource-dir /Library/Developer/CommandLineTools/usr/lib/clang/14.0.0 -dependency-file CMakeFiles/cmTC_585b7.dir/OpenMPTryFlag.c.o.d -skip-unused-modulemap-deps -MT CMakeFiles/cmTC_585b7.dir/OpenMPTryFlag.c.o -sys-header-deps -isysroot /Library/Developer/CommandLineTools/SDKs/MacOSX13.0.sdk -internal-isystem /Library/Developer/CommandLineTools/SDKs/MacOSX13.0.sdk/usr/local/include -internal-isystem /Library/Developer/CommandLineTools/usr/lib/clang/14.0.0/include -internal-externc-isystem /Library/Developer/CommandLineTools/SDKs/MacOSX13.0.sdk/usr/include -internal-externc-isystem /Library/Developer/CommandLineTools/usr/include -Wno-reorder-init-list -Wno-implicit-int-float-conversion -Wno-c99-designator -Wno-final-dtor-non-final-class -Wno-extra-semi-stmt -Wno-misleading-indentation -Wno-quoted-include-in-framework-header -Wno-implicit-fallthrough -Wno-enum-enum-conversion -Wno-enum-float-conversion -Wno-elaborated-enum-base -Wno-reserved-identifier -Wno-gnu-folding-constant -Wno-cast-function-type -Wno-bitwise-instead-of-logical -fdebug-compilation-dir=/Users/woosubkim/Documents/workspace/foldseek/cmake-build-release/CMakeFiles/CMakeTmp -ferror-limit 19 -stack-protector 1 -fstack-check -mdarwin-stkchk-strong-link -fblocks -fencode-extended-block-signature -fregister-global-dtors-with-atexit -fgnuc-version=4.2.1 -fmax-type-align=16 -fcommon -fopenmp -clang-vendor-feature=+messageToSelfInClassMethodIdReturnType -clang-vendor-feature=+disableInferNewAvailabilityFromInit -clang-vendor-feature=+disableNonDependentMemberExprInCurrentInstantiation -fno-odr-hash-protocols -clang-vendor-feature=+enableAggressiveVLAFolding -clang-vendor-feature=+revert09abecef7bbf -clang-vendor-feature=+thisNoAlignAttr -clang-vendor-feature=+thisNoNullAttr -mllvm -disable-aligned-alloc-awareness=1 -D__GCC_HAVE_DWARF2_CFI_ASM=1 -o CMakeFiles/cmTC_585b7.dir/OpenMPTryFlag.c.o -x c /Users/woosubkim/Documents/workspace/foldseek/cmake-build-release/CMakeFiles/FindOpenMP/OpenMPTryFlag.c
clang -cc1 version 14.0.0 (clang-1400.0.29.202) default target x86_64-apple-darwin22.1.0
ignoring nonexistent directory "/Library/Developer/CommandLineTools/SDKs/MacOSX13.0.sdk/usr/local/include"
ignoring nonexistent directory "/Library/Developer/CommandLineTools/SDKs/MacOSX13.0.sdk/Library/Frameworks"
#include "..." search starts here:
#include <...> search starts here:
 /Library/Developer/CommandLineTools/usr/lib/clang/14.0.0/include
 /Library/Developer/CommandLineTools/SDKs/MacOSX13.0.sdk/usr/include
 /Library/Developer/CommandLineTools/usr/include
 /Library/Developer/CommandLineTools/SDKs/MacOSX13.0.sdk/System/Library/Frameworks (framework directory)
End of search list.
/Users/woosubkim/Documents/workspace/foldseek/cmake-build-release/CMakeFiles/FindOpenMP/OpenMPTryFlag.c:2:10: fatal error: 'omp.h' file not found
#include <omp.h>
         ^~~~~~~
1 error generated.
make[1]: *** [CMakeFiles/cmTC_585b7.dir/OpenMPTryFlag.c.o] Error 1
make: *** [cmTC_585b7/fast] Error 2



Detecting CXX OpenMP failed with the following output:
Change Dir: /Users/woosubkim/Documents/workspace/foldseek/cmake-build-release/CMakeFiles/CMakeTmp

Run Build Command(s):/usr/bin/make -f Makefile cmTC_b3e66/fast && /Library/Developer/CommandLineTools/usr/bin/make  -f CMakeFiles/cmTC_b3e66.dir/build.make CMakeFiles/cmTC_b3e66.dir/build
Building CXX object CMakeFiles/cmTC_b3e66.dir/OpenMPTryFlag.cpp.o
/Library/Developer/CommandLineTools/usr/bin/c++   -fopenmp=libomp -v -isysroot /Library/Developer/CommandLineTools/SDKs/MacOSX13.0.sdk -MD -MT CMakeFiles/cmTC_b3e66.dir/OpenMPTryFlag.cpp.o -MF CMakeFiles/cmTC_b3e66.dir/OpenMPTryFlag.cpp.o.d -o CMakeFiles/cmTC_b3e66.dir/OpenMPTryFlag.cpp.o -c /Users/woosubkim/Documents/workspace/foldseek/cmake-build-release/CMakeFiles/FindOpenMP/OpenMPTryFlag.cpp
Apple clang version 14.0.0 (clang-1400.0.29.202)
Target: x86_64-apple-darwin22.1.0
Thread model: posix
InstalledDir: /Library/Developer/CommandLineTools/usr/bin
clang: error: unsupported argument 'libomp' to option 'fopenmp='
make[1]: *** [CMakeFiles/cmTC_b3e66.dir/OpenMPTryFlag.cpp.o] Error 1
make: *** [cmTC_b3e66/fast] Error 2



Detecting CXX OpenMP failed with the following output:
Change Dir: /Users/woosubkim/Documents/workspace/foldseek/cmake-build-release/CMakeFiles/CMakeTmp

Run Build Command(s):/usr/bin/make -f Makefile cmTC_62997/fast && /Library/Developer/CommandLineTools/usr/bin/make  -f CMakeFiles/cmTC_62997.dir/build.make CMakeFiles/cmTC_62997.dir/build
Building CXX object CMakeFiles/cmTC_62997.dir/OpenMPTryFlag.cpp.o
/Library/Developer/CommandLineTools/usr/bin/c++   -fopenmp=libiomp5 -v -isysroot /Library/Developer/CommandLineTools/SDKs/MacOSX13.0.sdk -MD -MT CMakeFiles/cmTC_62997.dir/OpenMPTryFlag.cpp.o -MF CMakeFiles/cmTC_62997.dir/OpenMPTryFlag.cpp.o.d -o CMakeFiles/cmTC_62997.dir/OpenMPTryFlag.cpp.o -c /Users/woosubkim/Documents/workspace/foldseek/cmake-build-release/CMakeFiles/FindOpenMP/OpenMPTryFlag.cpp
Apple clang version 14.0.0 (clang-1400.0.29.202)
Target: x86_64-apple-darwin22.1.0
Thread model: posix
InstalledDir: /Library/Developer/CommandLineTools/usr/bin
clang: error: unsupported argument 'libiomp5' to option 'fopenmp='
make[1]: *** [CMakeFiles/cmTC_62997.dir/OpenMPTryFlag.cpp.o] Error 1
make: *** [cmTC_62997/fast] Error 2



Detecting CXX OpenMP failed with the following output:
Change Dir: /Users/woosubkim/Documents/workspace/foldseek/cmake-build-release/CMakeFiles/CMakeTmp

Run Build Command(s):/usr/bin/make -f Makefile cmTC_95632/fast && /Library/Developer/CommandLineTools/usr/bin/make  -f CMakeFiles/cmTC_95632.dir/build.make CMakeFiles/cmTC_95632.dir/build
Building CXX object CMakeFiles/cmTC_95632.dir/OpenMPTryFlag.cpp.o
/Library/Developer/CommandLineTools/usr/bin/c++   -fopenmp -v -isysroot /Library/Developer/CommandLineTools/SDKs/MacOSX13.0.sdk -MD -MT CMakeFiles/cmTC_95632.dir/OpenMPTryFlag.cpp.o -MF CMakeFiles/cmTC_95632.dir/OpenMPTryFlag.cpp.o.d -o CMakeFiles/cmTC_95632.dir/OpenMPTryFlag.cpp.o -c /Users/woosubkim/Documents/workspace/foldseek/cmake-build-release/CMakeFiles/FindOpenMP/OpenMPTryFlag.cpp
Apple clang version 14.0.0 (clang-1400.0.29.202)
Target: x86_64-apple-darwin22.1.0
Thread model: posix
InstalledDir: /Library/Developer/CommandLineTools/usr/bin
clang: error: unsupported option '-fopenmp'
make[1]: *** [CMakeFiles/cmTC_95632.dir/OpenMPTryFlag.cpp.o] Error 1
make: *** [cmTC_95632/fast] Error 2



Detecting CXX OpenMP failed with the following output:
Change Dir: /Users/woosubkim/Documents/workspace/foldseek/cmake-build-release/CMakeFiles/CMakeTmp

Run Build Command(s):/usr/bin/make -f Makefile cmTC_359bc/fast && /Library/Developer/CommandLineTools/usr/bin/make  -f CMakeFiles/cmTC_359bc.dir/build.make CMakeFiles/cmTC_359bc.dir/build
Building CXX object CMakeFiles/cmTC_359bc.dir/OpenMPTryFlag.cpp.o
/Library/Developer/CommandLineTools/usr/bin/c++   -Xclang -fopenmp -v -isysroot /Library/Developer/CommandLineTools/SDKs/MacOSX13.0.sdk -MD -MT CMakeFiles/cmTC_359bc.dir/OpenMPTryFlag.cpp.o -MF CMakeFiles/cmTC_359bc.dir/OpenMPTryFlag.cpp.o.d -o CMakeFiles/cmTC_359bc.dir/OpenMPTryFlag.cpp.o -c /Users/woosubkim/Documents/workspace/foldseek/cmake-build-release/CMakeFiles/FindOpenMP/OpenMPTryFlag.cpp
Apple clang version 14.0.0 (clang-1400.0.29.202)
Target: x86_64-apple-darwin22.1.0
Thread model: posix
InstalledDir: /Library/Developer/CommandLineTools/usr/bin
 "/Library/Developer/CommandLineTools/usr/bin/clang" -cc1 -triple x86_64-apple-macosx13.0.0 -Wundef-prefix=TARGET_OS_ -Wdeprecated-objc-isa-usage -Werror=deprecated-objc-isa-usage -Werror=implicit-function-declaration -emit-obj -mrelax-all --mrelax-relocations -disable-free -clear-ast-before-backend -disable-llvm-verifier -discard-value-names -main-file-name OpenMPTryFlag.cpp -mrelocation-model pic -pic-level 2 -mframe-pointer=all -fno-strict-return -fno-rounding-math -funwind-tables=2 -target-sdk-version=13.0 -fvisibility-inlines-hidden-static-local-var -target-cpu penryn -tune-cpu generic -debugger-tuning=lldb -target-linker-version 820.1 -v -resource-dir /Library/Developer/CommandLineTools/usr/lib/clang/14.0.0 -dependency-file CMakeFiles/cmTC_359bc.dir/OpenMPTryFlag.cpp.o.d -skip-unused-modulemap-deps -MT CMakeFiles/cmTC_359bc.dir/OpenMPTryFlag.cpp.o -sys-header-deps -isysroot /Library/Developer/CommandLineTools/SDKs/MacOSX13.0.sdk -stdlib=libc++ -internal-isystem /Library/Developer/CommandLineTools/SDKs/MacOSX13.0.sdk/usr/include/c++/v1 -internal-isystem /Library/Developer/CommandLineTools/SDKs/MacOSX13.0.sdk/usr/local/include -internal-isystem /Library/Developer/CommandLineTools/usr/lib/clang/14.0.0/include -internal-externc-isystem /Library/Developer/CommandLineTools/SDKs/MacOSX13.0.sdk/usr/include -internal-externc-isystem /Library/Developer/CommandLineTools/usr/include -Wno-reorder-init-list -Wno-implicit-int-float-conversion -Wno-c99-designator -Wno-final-dtor-non-final-class -Wno-extra-semi-stmt -Wno-misleading-indentation -Wno-quoted-include-in-framework-header -Wno-implicit-fallthrough -Wno-enum-enum-conversion -Wno-enum-float-conversion -Wno-elaborated-enum-base -Wno-reserved-identifier -Wno-gnu-folding-constant -Wno-cast-function-type -Wno-bitwise-instead-of-logical -fdeprecated-macro -fdebug-compilation-dir=/Users/woosubkim/Documents/workspace/foldseek/cmake-build-release/CMakeFiles/CMakeTmp -ferror-limit 19 -stack-protector 1 -fstack-check -mdarwin-stkchk-strong-link -fblocks -fencode-extended-block-signature -fregister-global-dtors-with-atexit -fgnuc-version=4.2.1 -fno-cxx-modules -fcxx-exceptions -fexceptions -fmax-type-align=16 -fcommon -fopenmp -clang-vendor-feature=+messageToSelfInClassMethodIdReturnType -clang-vendor-feature=+disableInferNewAvailabilityFromInit -clang-vendor-feature=+disableNonDependentMemberExprInCurrentInstantiation -fno-odr-hash-protocols -clang-vendor-feature=+enableAggressiveVLAFolding -clang-vendor-feature=+revert09abecef7bbf -clang-vendor-feature=+thisNoAlignAttr -clang-vendor-feature=+thisNoNullAttr -mllvm -disable-aligned-alloc-awareness=1 -D__GCC_HAVE_DWARF2_CFI_ASM=1 -o CMakeFiles/cmTC_359bc.dir/OpenMPTryFlag.cpp.o -x c++ /Users/woosubkim/Documents/workspace/foldseek/cmake-build-release/CMakeFiles/FindOpenMP/OpenMPTryFlag.cpp
clang -cc1 version 14.0.0 (clang-1400.0.29.202) default target x86_64-apple-darwin22.1.0
ignoring nonexistent directory "/Library/Developer/CommandLineTools/SDKs/MacOSX13.0.sdk/usr/local/include"
ignoring nonexistent directory "/Library/Developer/CommandLineTools/SDKs/MacOSX13.0.sdk/Library/Frameworks"
#include "..." search starts here:
#include <...> search starts here:
 /Library/Developer/CommandLineTools/SDKs/MacOSX13.0.sdk/usr/include/c++/v1
 /Library/Developer/CommandLineTools/usr/lib/clang/14.0.0/include
 /Library/Developer/CommandLineTools/SDKs/MacOSX13.0.sdk/usr/include
 /Library/Developer/CommandLineTools/usr/include
 /Library/Developer/CommandLineTools/SDKs/MacOSX13.0.sdk/System/Library/Frameworks (framework directory)
End of search list.
/Users/woosubkim/Documents/workspace/foldseek/cmake-build-release/CMakeFiles/FindOpenMP/OpenMPTryFlag.cpp:2:10: fatal error: 'omp.h' file not found
#include <omp.h>
         ^~~~~~~
1 error generated.
make[1]: *** [CMakeFiles/cmTC_359bc.dir/OpenMPTryFlag.cpp.o] Error 1
make: *** [cmTC_359bc/fast] Error 2



